eeschema (2013-feb-26)-stable  >> Creation date: Tue 21 May 2013 10:23:31 AM BRT
#Cmp ( order = Reference )
| C1         22pF        
| C2         22pF        
| C3         10uF / 16V  
| C4         0.1uF       
| C5         0.1uF       
| C6         0.1uF       
| C7         10uF / 16V  
| C8         0.1uF       
| C9         0.1uF       
| C10        0.1uF       
| C11        0.1uF       
| C12        0.1uF       
| C13        0.1uF       
| C14        0.1uF       
| C15        0.1uF       
| CON1       PJ-002B     
| D1         1N5819      
| D2         LED         
| D3         LED         
| D4         LED         
| D5         LED         
| D6         LED         
| J1         RJ12_ICSP   
| J2         USB         
| P1         CONN_6      
| P2         CONN_10     
| R1         4k7         
| R2         100R        
| R3         10k         
| R4         10k         
| R5         10k         
| R6         10k         
| R7         100R        
| R8         100R        
| R9         10k         
| R10        100R        
| R11        100R        
| R12        100R        
| R13        100R        
| R14        1k          
| R15        1k          
| R16        100R        
| R17        100R        
| R18        10k         
| R19        10k         
| R20        470R        
| R21        LDR         
| R22        5M          
| R23        470R        
| R24        470R        
| R25        470R        
| R26        470R        
| RV1        POT         
| SW1        SPST        
| SW2        SPST        
| SW3        SPST        
| SW4        SPST        
| SW5        SPST        
| SW6        SPST        
| U1         LM7805      
| U2         FT232RL     
| U3         PIC18F4550_TQFP
| U4         LM35        
| U5         LCD_AGM-1602B
| X1         16Mhz       
#End Cmp

#Cmp ( order = Value )
| 22pF         C1        
| 22pF         C2        
| 0.1uF        C4        
| 0.1uF        C5        
| 0.1uF        C6        
| 0.1uF        C8        
| 0.1uF        C9        
| 0.1uF        C10       
| 0.1uF        C11       
| 0.1uF        C12       
| 0.1uF        C13       
| 0.1uF        C14       
| 0.1uF        C15       
| 10uF / 16V   C3        
| 10uF / 16V   C7        
| PJ-002B      CON1      
| 1N5819       D1        
| LED          D2        
| LED          D3        
| LED          D4        
| LED          D5        
| LED          D6        
| RJ12_ICSP    J1        
| USB          J2        
| CONN_6       P1        
| CONN_10      P2        
| 100R         R2        
| 100R         R7        
| 100R         R8        
| 100R         R10       
| 100R         R11       
| 100R         R12       
| 100R         R13       
| 100R         R16       
| 100R         R17       
| 470R         R20       
| 470R         R23       
| 470R         R24       
| 470R         R25       
| 470R         R26       
| 1k           R14       
| 1k           R15       
| 4k7          R1        
| 10k          R3        
| 10k          R4        
| 10k          R5        
| 10k          R6        
| 10k          R9        
| 10k          R18       
| 10k          R19       
| 5M           R22       
| LDR          R21       
| POT          RV1       
| SPST         SW1       
| SPST         SW2       
| SPST         SW3       
| SPST         SW4       
| SPST         SW5       
| SPST         SW6       
| LM7805       U1        
| FT232RL      U2        
| PIC18F4550_TQFP U3        
| LM35         U4        
| LCD_AGM-1602B U5        
| 16Mhz        X1        
#End Cmp

#End List
