gpasm-1.2.0 #980 (Jun  5 2013) build/default/   12-5-2013  11:22:27         PAGE  1


LOC  OBJECT CODE     LINE SOURCE TEXT
  VALUE

                      00001 ;--------------------------------------------------------
                      00002 ; File Created by SDCC : free open source ANSI-C Compiler
                      00003 ; Version 3.3.0 #8604 (May 11 2013) (Linux)
                      00004 ; This file was generated Thu Dec  5 11:22:27 2013
                      00005 ;--------------------------------------------------------
                      00006 ; PIC16 port for the Microchip 16-bit core micros
                      00007 ;--------------------------------------------------------
                      00008         list    p=18f4550
                      00009         radix   dec
                      00010 
                      00011 
                      00012 ;--------------------------------------------------------
                      00013 ; public variables in this module
                      00014 ;--------------------------------------------------------
  0000                00015         global  _envia_comando
  0000                00016         global  _envia_dados
  0000                00017         global  _inicializa_lcd
  0000                00018         global  _delay_40us
  0000                00019         global  _delay_2ms
  0000                00020         global  _inverte_comando
                      00021 
                      00022 ;--------------------------------------------------------
                      00023 ; extern variables in this module
                      00024 ;--------------------------------------------------------
  0000                00025         extern  _SPPCFGbits
  0000                00026         extern  _SPPEPSbits
  0000                00027         extern  _SPPCONbits
  0000                00028         extern  _UFRMLbits
  0000                00029         extern  _UFRMHbits
  0000                00030         extern  _UIRbits
  0000                00031         extern  _UIEbits
  0000                00032         extern  _UEIRbits
  0000                00033         extern  _UEIEbits
  0000                00034         extern  _USTATbits
  0000                00035         extern  _UCONbits
  0000                00036         extern  _UADDRbits
  0000                00037         extern  _UCFGbits
  0000                00038         extern  _UEP0bits
  0000                00039         extern  _UEP1bits
  0000                00040         extern  _UEP2bits
  0000                00041         extern  _UEP3bits
  0000                00042         extern  _UEP4bits
  0000                00043         extern  _UEP5bits
  0000                00044         extern  _UEP6bits
  0000                00045         extern  _UEP7bits
  0000                00046         extern  _UEP8bits
  0000                00047         extern  _UEP9bits
  0000                00048         extern  _UEP10bits
  0000                00049         extern  _UEP11bits
  0000                00050         extern  _UEP12bits
  0000                00051         extern  _UEP13bits
  0000                00052         extern  _UEP14bits
  0000                00053         extern  _UEP15bits
gpasm-1.2.0 #980 (Jun  5 2013) build/default/   12-5-2013  11:22:27         PAGE  2


LOC  OBJECT CODE     LINE SOURCE TEXT
  VALUE

  0000                00054         extern  _PORTAbits
  0000                00055         extern  _PORTBbits
  0000                00056         extern  _PORTCbits
  0000                00057         extern  _PORTDbits
  0000                00058         extern  _PORTEbits
  0000                00059         extern  _LATAbits
  0000                00060         extern  _LATBbits
  0000                00061         extern  _LATCbits
  0000                00062         extern  _LATDbits
  0000                00063         extern  _LATEbits
  0000                00064         extern  _DDRAbits
  0000                00065         extern  _TRISAbits
  0000                00066         extern  _DDRBbits
  0000                00067         extern  _TRISBbits
  0000                00068         extern  _DDRCbits
  0000                00069         extern  _TRISCbits
  0000                00070         extern  _DDRDbits
  0000                00071         extern  _TRISDbits
  0000                00072         extern  _DDREbits
  0000                00073         extern  _TRISEbits
  0000                00074         extern  _OSCTUNEbits
  0000                00075         extern  _PIE1bits
  0000                00076         extern  _PIR1bits
  0000                00077         extern  _IPR1bits
  0000                00078         extern  _PIE2bits
  0000                00079         extern  _PIR2bits
  0000                00080         extern  _IPR2bits
  0000                00081         extern  _EECON1bits
  0000                00082         extern  _RCSTAbits
  0000                00083         extern  _TXSTAbits
  0000                00084         extern  _T3CONbits
  0000                00085         extern  _CMCONbits
  0000                00086         extern  _CVRCONbits
  0000                00087         extern  _CCP1ASbits
  0000                00088         extern  _ECCP1ASbits
  0000                00089         extern  _CCP1DELbits
  0000                00090         extern  _ECCP1DELbits
  0000                00091         extern  _BAUDCONbits
  0000                00092         extern  _BAUDCTLbits
  0000                00093         extern  _CCP2CONbits
  0000                00094         extern  _CCP1CONbits
  0000                00095         extern  _ECCP1CONbits
  0000                00096         extern  _ADCON2bits
  0000                00097         extern  _ADCON1bits
  0000                00098         extern  _ADCON0bits
  0000                00099         extern  _SSPCON2bits
  0000                00100         extern  _SSPCON1bits
  0000                00101         extern  _SSPSTATbits
  0000                00102         extern  _T2CONbits
  0000                00103         extern  _T1CONbits
  0000                00104         extern  _RCONbits
  0000                00105         extern  _WDTCONbits
  0000                00106         extern  _HLVDCONbits
gpasm-1.2.0 #980 (Jun  5 2013) build/default/   12-5-2013  11:22:27         PAGE  3


LOC  OBJECT CODE     LINE SOURCE TEXT
  VALUE

  0000                00107         extern  _LVDCONbits
  0000                00108         extern  _OSCCONbits
  0000                00109         extern  _T0CONbits
  0000                00110         extern  _STATUSbits
  0000                00111         extern  _INTCON3bits
  0000                00112         extern  _INTCON2bits
  0000                00113         extern  _INTCONbits
  0000                00114         extern  _STKPTRbits
  0000                00115         extern  _SPPDATA
  0000                00116         extern  _SPPCFG
  0000                00117         extern  _SPPEPS
  0000                00118         extern  _SPPCON
  0000                00119         extern  _UFRM
  0000                00120         extern  _UFRML
  0000                00121         extern  _UFRMH
  0000                00122         extern  _UIR
  0000                00123         extern  _UIE
  0000                00124         extern  _UEIR
  0000                00125         extern  _UEIE
  0000                00126         extern  _USTAT
  0000                00127         extern  _UCON
  0000                00128         extern  _UADDR
  0000                00129         extern  _UCFG
  0000                00130         extern  _UEP0
  0000                00131         extern  _UEP1
  0000                00132         extern  _UEP2
  0000                00133         extern  _UEP3
  0000                00134         extern  _UEP4
  0000                00135         extern  _UEP5
  0000                00136         extern  _UEP6
  0000                00137         extern  _UEP7
  0000                00138         extern  _UEP8
  0000                00139         extern  _UEP9
  0000                00140         extern  _UEP10
  0000                00141         extern  _UEP11
  0000                00142         extern  _UEP12
  0000                00143         extern  _UEP13
  0000                00144         extern  _UEP14
  0000                00145         extern  _UEP15
  0000                00146         extern  _PORTA
  0000                00147         extern  _PORTB
  0000                00148         extern  _PORTC
  0000                00149         extern  _PORTD
  0000                00150         extern  _PORTE
  0000                00151         extern  _LATA
  0000                00152         extern  _LATB
  0000                00153         extern  _LATC
  0000                00154         extern  _LATD
  0000                00155         extern  _LATE
  0000                00156         extern  _DDRA
  0000                00157         extern  _TRISA
  0000                00158         extern  _DDRB
  0000                00159         extern  _TRISB
gpasm-1.2.0 #980 (Jun  5 2013) build/default/   12-5-2013  11:22:27         PAGE  4


LOC  OBJECT CODE     LINE SOURCE TEXT
  VALUE

  0000                00160         extern  _DDRC
  0000                00161         extern  _TRISC
  0000                00162         extern  _DDRD
  0000                00163         extern  _TRISD
  0000                00164         extern  _DDRE
  0000                00165         extern  _TRISE
  0000                00166         extern  _OSCTUNE
  0000                00167         extern  _PIE1
  0000                00168         extern  _PIR1
  0000                00169         extern  _IPR1
  0000                00170         extern  _PIE2
  0000                00171         extern  _PIR2
  0000                00172         extern  _IPR2
  0000                00173         extern  _EECON1
  0000                00174         extern  _EECON2
  0000                00175         extern  _EEDATA
  0000                00176         extern  _EEADR
  0000                00177         extern  _RCSTA
  0000                00178         extern  _TXSTA
  0000                00179         extern  _TXREG
  0000                00180         extern  _RCREG
  0000                00181         extern  _SPBRG
  0000                00182         extern  _SPBRGH
  0000                00183         extern  _T3CON
  0000                00184         extern  _TMR3
  0000                00185         extern  _TMR3L
  0000                00186         extern  _TMR3H
  0000                00187         extern  _CMCON
  0000                00188         extern  _CVRCON
  0000                00189         extern  _CCP1AS
  0000                00190         extern  _ECCP1AS
  0000                00191         extern  _CCP1DEL
  0000                00192         extern  _ECCP1DEL
  0000                00193         extern  _BAUDCON
  0000                00194         extern  _BAUDCTL
  0000                00195         extern  _CCP2CON
  0000                00196         extern  _CCPR2
  0000                00197         extern  _CCPR2L
  0000                00198         extern  _CCPR2H
  0000                00199         extern  _CCP1CON
  0000                00200         extern  _ECCP1CON
  0000                00201         extern  _CCPR1
  0000                00202         extern  _CCPR1L
  0000                00203         extern  _CCPR1H
  0000                00204         extern  _ADCON2
  0000                00205         extern  _ADCON1
  0000                00206         extern  _ADCON0
  0000                00207         extern  _ADRES
  0000                00208         extern  _ADRESL
  0000                00209         extern  _ADRESH
  0000                00210         extern  _SSPCON2
  0000                00211         extern  _SSPCON1
  0000                00212         extern  _SSPSTAT
gpasm-1.2.0 #980 (Jun  5 2013) build/default/   12-5-2013  11:22:27         PAGE  5


LOC  OBJECT CODE     LINE SOURCE TEXT
  VALUE

  0000                00213         extern  _SSPADD
  0000                00214         extern  _SSPBUF
  0000                00215         extern  _T2CON
  0000                00216         extern  _PR2
  0000                00217         extern  _TMR2
  0000                00218         extern  _T1CON
  0000                00219         extern  _TMR1
  0000                00220         extern  _TMR1L
  0000                00221         extern  _TMR1H
  0000                00222         extern  _RCON
  0000                00223         extern  _WDTCON
  0000                00224         extern  _HLVDCON
  0000                00225         extern  _LVDCON
  0000                00226         extern  _OSCCON
  0000                00227         extern  _T0CON
  0000                00228         extern  _TMR0
  0000                00229         extern  _TMR0L
  0000                00230         extern  _TMR0H
  0000                00231         extern  _STATUS
  0000                00232         extern  _FSR2L
  0000                00233         extern  _FSR2H
  0000                00234         extern  _PLUSW2
  0000                00235         extern  _PREINC2
  0000                00236         extern  _POSTDEC2
  0000                00237         extern  _POSTINC2
  0000                00238         extern  _INDF2
  0000                00239         extern  _BSR
  0000                00240         extern  _FSR1L
  0000                00241         extern  _FSR1H
  0000                00242         extern  _PLUSW1
  0000                00243         extern  _PREINC1
  0000                00244         extern  _POSTDEC1
  0000                00245         extern  _POSTINC1
  0000                00246         extern  _INDF1
  0000                00247         extern  _WREG
  0000                00248         extern  _FSR0L
  0000                00249         extern  _FSR0H
  0000                00250         extern  _PLUSW0
  0000                00251         extern  _PREINC0
  0000                00252         extern  _POSTDEC0
  0000                00253         extern  _POSTINC0
  0000                00254         extern  _INDF0
  0000                00255         extern  _INTCON3
  0000                00256         extern  _INTCON2
  0000                00257         extern  _INTCON
  0000                00258         extern  _PROD
  0000                00259         extern  _PRODL
  0000                00260         extern  _PRODH
  0000                00261         extern  _TABLAT
  0000                00262         extern  _TBLPTR
  0000                00263         extern  _TBLPTRL
  0000                00264         extern  _TBLPTRH
  0000                00265         extern  _TBLPTRU
gpasm-1.2.0 #980 (Jun  5 2013) build/default/   12-5-2013  11:22:27         PAGE  6


LOC  OBJECT CODE     LINE SOURCE TEXT
  VALUE

  0000                00266         extern  _PC
  0000                00267         extern  _PCL
  0000                00268         extern  _PCLATH
  0000                00269         extern  _PCLATU
  0000                00270         extern  _STKPTR
  0000                00271         extern  _TOS
  0000                00272         extern  _TOSL
  0000                00273         extern  _TOSH
  0000                00274         extern  _TOSU
                      00275 
                      00276 ;--------------------------------------------------------
                      00277 ;       Equates to used internal registers
                      00278 ;--------------------------------------------------------
  00000FD8            00279 STATUS  equ     0xfd8
  00000FE8            00280 WREG    equ     0xfe8
  00000FE1            00281 FSR1L   equ     0xfe1
  00000FD9            00282 FSR2L   equ     0xfd9
  00000FE6            00283 POSTINC1        equ     0xfe6
  00000FE5            00284 POSTDEC1        equ     0xfe5
  00000FE4            00285 PREINC1 equ     0xfe4
  00000FDB            00286 PLUSW2  equ     0xfdb
                      00287 
                      00288 
                      00289 ; Internal registers
                      00290 .registers      udata_ovr       0x0000
000000                00291 r0x00   res     1
000001                00292 r0x01   res     1
000002                00293 r0x02   res     1
000003                00294 r0x03   res     1
000004                00295 r0x04   res     1
                      00296 
                      00297 ;--------------------------------------------------------
                      00298 ; global & static initialisations
                      00299 ;--------------------------------------------------------
                      00300 ; I code from now on!
                      00301 ; ; Starting pCode block
                      00302 S_lcd__inicializa_lcd   code
000000                00303 _inicializa_lcd:
                      00304 ;       .line   68; lcd.c       void inicializa_lcd(void)
000000 CFD9 FFE5      00305         MOVFF   FSR2L, POSTDEC1
000004 CFE1 FFD9      00306         MOVFF   FSR1L, FSR2L
000008 C??? F???      00307         MOVFF   r0x00, POSTDEC1
                      00308 ;       .line   73; lcd.c       delay_2ms();
00000C EC?? F0??      00309         CALL    _delay_2ms
                      00310 ;       .line   74; lcd.c       delay_2ms();
000010 EC?? F0??      00311         CALL    _delay_2ms
                      00312 ;       .line   75; lcd.c       delay_2ms();
000014 EC?? F0??      00313         CALL    _delay_2ms
                      00314 ;       .line   76; lcd.c       delay_2ms();
000018 EC?? F0??      00315         CALL    _delay_2ms
                      00316 ;       .line   77; lcd.c       delay_2ms();
00001C EC?? F0??      00317         CALL    _delay_2ms
                      00318 ;       .line   80; lcd.c       bit_clr(TRISE, RS); //RS
gpasm-1.2.0 #980 (Jun  5 2013) build/default/   12-5-2013  11:22:27         PAGE  7


LOC  OBJECT CODE     LINE SOURCE TEXT
  VALUE

000020 50??           00319         MOVF    _TRISE, W
000022 6E??           00320         MOVWF   r0x00
000024 0EFD           00321         MOVLW   0xfd
000026 14??           00322         ANDWF   r0x00, W
000028 6E??           00323         MOVWF   _TRISE
                      00324 ;       .line   81; lcd.c       bit_clr(TRISE, EN); //EN
00002A 50??           00325         MOVF    _TRISE, W
00002C 6E??           00326         MOVWF   r0x00
00002E 0EFE           00327         MOVLW   0xfe
000030 14??           00328         ANDWF   r0x00, W
000032 6E??           00329         MOVWF   _TRISE
                      00330 ;       .line   82; lcd.c       TRISD = 0x00; //dados
000034 6A??           00331         CLRF    _TRISD
                      00332 ;       .line   83; lcd.c       ADCON1 = 0b00001110; //apenas
000036 0E0E           00333         MOVLW   0x0e
000038 6E??           00334         MOVWF   _ADCON1
                      00335 ;       .line   86; lcd.c       envia_comando(0x38); //8bits, 2 linhas, 5x8
00003A 0E38           00336         MOVLW   0x38
00003C 6EE5           00337         MOVWF   POSTDEC1
00003E EC?? F0??      00338         CALL    _envia_comando
000042 52E6           00339         MOVF    POSTINC1, F
                      00340 ;       .line   87; lcd.c       envia_comando(0x06); //modo incremental
000044 0E06           00341         MOVLW   0x06
000046 6EE5           00342         MOVWF   POSTDEC1
000048 EC?? F0??      00343         CALL    _envia_comando
00004C 52E6           00344         MOVF    POSTINC1, F
                      00345 ;       .line   88; lcd.c       envia_comando(0x0F); //display e cursor on, com blink
00004E 0E0F           00346         MOVLW   0x0f
000050 6EE5           00347         MOVWF   POSTDEC1
000052 EC?? F0??      00348         CALL    _envia_comando
000056 52E6           00349         MOVF    POSTINC1, F
                      00350 ;       .line   89; lcd.c       envia_comando(0x03); //zera tudo
000058 0E03           00351         MOVLW   0x03
00005A 6EE5           00352         MOVWF   POSTDEC1
00005C EC?? F0??      00353         CALL    _envia_comando
000060 52E6           00354         MOVF    POSTINC1, F
                      00355 ;       .line   90; lcd.c       envia_comando(0x01); //limpar display
000062 0E01           00356         MOVLW   0x01
000064 6EE5           00357         MOVWF   POSTDEC1
000066 EC?? F0??      00358         CALL    _envia_comando
00006A 52E6           00359         MOVF    POSTINC1, F
                      00360 ;       .line   91; lcd.c       envia_comando(0x80); //posição inicial
00006C 0E80           00361         MOVLW   0x80
00006E 6EE5           00362         MOVWF   POSTDEC1
000070 EC?? F0??      00363         CALL    _envia_comando
000074 52E6           00364         MOVF    POSTINC1, F
000076 CFE4 F000      00365         MOVFF   PREINC1, r0x00
00007A CFE4 FFD9      00366         MOVFF   PREINC1, FSR2L
00007E 0012           00367         RETURN  
                      00368 
                      00369 ; ; Starting pCode block
                      00370 S_lcd__envia_dados      code
000000                00371 _envia_dados:
gpasm-1.2.0 #980 (Jun  5 2013) build/default/   12-5-2013  11:22:27         PAGE  8


LOC  OBJECT CODE     LINE SOURCE TEXT
  VALUE

                      00372 ;       .line   56; lcd.c       void envia_dados(unsigned const char valor)
000000 CFD9 FFE5      00373         MOVFF   FSR2L, POSTDEC1
000004 CFE1 FFD9      00374         MOVFF   FSR1L, FSR2L
000008 C??? F???      00375         MOVFF   r0x00, POSTDEC1
00000C 0E02           00376         MOVLW   0x02
00000E CFDB F000      00377         MOVFF   PLUSW2, r0x00
                      00378 ;       .line   58; lcd.c       bit_set(PORTE, RS); //dados
000012 82??           00379         BSF     _PORTE, 1
                      00380 ;       .line   60; lcd.c       PORTD = inverte_comando(valor);
000014 50??           00381         MOVF    r0x00, W
000016 6EE5           00382         MOVWF   POSTDEC1
000018 EC?? F0??      00383         CALL    _inverte_comando
00001C 6E??           00384         MOVWF   _PORTD
00001E 52E6           00385         MOVF    POSTINC1, F
                      00386 ;       .line   61; lcd.c       bit_set(PORTE, EN); //habilita leitura
000020 80??           00387         BSF     _PORTE, 0
                      00388 ;       .line   62; lcd.c       delay_40us();
000022 EC?? F0??      00389         CALL    _delay_40us
                      00390 ;       .line   63; lcd.c       bit_clr(PORTE, EN); //termina leitura
000026 50??           00391         MOVF    _PORTE, W
000028 6E??           00392         MOVWF   r0x00
00002A 0EFE           00393         MOVLW   0xfe
00002C 14??           00394         ANDWF   r0x00, W
00002E 6E??           00395         MOVWF   _PORTE
                      00396 ;       .line   64; lcd.c       bit_clr(PORTE, RS); //deixa em nivel baixo
000030 50??           00397         MOVF    _PORTE, W
000032 6E??           00398         MOVWF   r0x00
000034 0EFD           00399         MOVLW   0xfd
000036 14??           00400         ANDWF   r0x00, W
000038 6E??           00401         MOVWF   _PORTE
                      00402 ;       .line   65; lcd.c       delay_40us();
00003A EC?? F0??      00403         CALL    _delay_40us
00003E CFE4 F000      00404         MOVFF   PREINC1, r0x00
000042 CFE4 FFD9      00405         MOVFF   PREINC1, FSR2L
000046 0012           00406         RETURN  
                      00407 
                      00408 ; ; Starting pCode block
                      00409 S_lcd__envia_comando    code
000000                00410 _envia_comando:
                      00411 ;       .line   44; lcd.c       void envia_comando(unsigned const char cmd)
000000 CFD9 FFE5      00412         MOVFF   FSR2L, POSTDEC1
000004 CFE1 FFD9      00413         MOVFF   FSR1L, FSR2L
000008 C??? F???      00414         MOVFF   r0x00, POSTDEC1
00000C C??? F???      00415         MOVFF   r0x01, POSTDEC1
000010 0E02           00416         MOVLW   0x02
000012 CFDB F000      00417         MOVFF   PLUSW2, r0x00
                      00418 ;       .line   46; lcd.c       bit_clr(PORTE, RS); //comando
000016 50??           00419         MOVF    _PORTE, W
000018 6E??           00420         MOVWF   r0x01
00001A 0EFD           00421         MOVLW   0xfd
00001C 14??           00422         ANDWF   r0x01, W
00001E 6E??           00423         MOVWF   _PORTE
                      00424 ;       .line   48; lcd.c       PORTD = inverte_comando(cmd);
gpasm-1.2.0 #980 (Jun  5 2013) build/default/   12-5-2013  11:22:27         PAGE  9


LOC  OBJECT CODE     LINE SOURCE TEXT
  VALUE

000020 50??           00425         MOVF    r0x00, W
000022 6EE5           00426         MOVWF   POSTDEC1
000024 EC?? F0??      00427         CALL    _inverte_comando
000028 6E??           00428         MOVWF   _PORTD
00002A 52E6           00429         MOVF    POSTINC1, F
                      00430 ;       .line   49; lcd.c       bit_set(PORTE, EN); //habilita leitura
00002C 80??           00431         BSF     _PORTE, 0
                      00432 ;       .line   50; lcd.c       delay_2ms();
00002E EC?? F0??      00433         CALL    _delay_2ms
                      00434 ;       .line   51; lcd.c       bit_clr(PORTE, EN); //termina leitura
000032 50??           00435         MOVF    _PORTE, W
000034 6E??           00436         MOVWF   r0x00
000036 0EFE           00437         MOVLW   0xfe
000038 14??           00438         ANDWF   r0x00, W
00003A 6E??           00439         MOVWF   _PORTE
                      00440 ;       .line   52; lcd.c       bit_clr(PORTE, RS); //deixa em nivel baixo
00003C 50??           00441         MOVF    _PORTE, W
00003E 6E??           00442         MOVWF   r0x00
000040 0EFD           00443         MOVLW   0xfd
000042 14??           00444         ANDWF   r0x00, W
000044 6E??           00445         MOVWF   _PORTE
                      00446 ;       .line   53; lcd.c       delay_2ms();
000046 EC?? F0??      00447         CALL    _delay_2ms
00004A CFE4 F000      00448         MOVFF   PREINC1, r0x01
00004E CFE4 F000      00449         MOVFF   PREINC1, r0x00
000052 CFE4 FFD9      00450         MOVFF   PREINC1, FSR2L
000056 0012           00451         RETURN  
                      00452 
                      00453 ; ; Starting pCode block
                      00454 S_lcd__inverte_comando  code
000000                00455 _inverte_comando:
                      00456 ;       .line   23; lcd.c       char inverte_comando(unsigned const char cmd)
000000 CFD9 FFE5      00457         MOVFF   FSR2L, POSTDEC1
000004 CFE1 FFD9      00458         MOVFF   FSR1L, FSR2L
000008 C??? F???      00459         MOVFF   r0x00, POSTDEC1
00000C C??? F???      00460         MOVFF   r0x01, POSTDEC1
000010 C??? F???      00461         MOVFF   r0x02, POSTDEC1
000014 C??? F???      00462         MOVFF   r0x03, POSTDEC1
000018 C??? F???      00463         MOVFF   r0x04, POSTDEC1
00001C 0E02           00464         MOVLW   0x02
00001E CFDB F000      00465         MOVFF   PLUSW2, r0x00
                      00466 ;       .line   27; lcd.c       unsigned char ret = 0x00;
000022 6A??           00467         CLRF    r0x01
                      00468 ;       .line   35; lcd.c       for (i=7; i>=0; i--) {
000024 6A??           00469         CLRF    r0x02
000026 0E07           00470         MOVLW   0x07
000028 6E??           00471         MOVWF   r0x03
00002A                00472 _00126_DS_:
                      00473 ;       .line   36; lcd.c       if (bit_tst(cmd, i))
00002A C??? F???      00474         MOVFF   r0x00, r0x04
00002E 50??           00475         MOVF    r0x03, W
000030 E0??           00476         BZ      _00140_DS_
000032 E6??           00477         BN      _00143_DS_
gpasm-1.2.0 #980 (Jun  5 2013) build/default/   12-5-2013  11:22:27         PAGE 10


LOC  OBJECT CODE     LINE SOURCE TEXT
  VALUE

000034 6CE8           00478         NEGF    WREG
000036 90D8           00479         BCF     STATUS, 0
000038                00480 _00141_DS_:
000038 32??           00481         RRCF    r0x04, F
00003A 0F01           00482         ADDLW   0x01
00003C E3??           00483         BNC     _00141_DS_
00003E D???           00484         BRA     _00140_DS_
000040                00485 _00143_DS_:
000040 90D8           00486         BCF     STATUS, 0
000042                00487 _00142_DS_:
000042 36??           00488         RLCF    r0x04, F
000044 0F01           00489         ADDLW   0x01
000046 E3??           00490         BNC     _00142_DS_
000048                00491 _00140_DS_:
000048 A0??           00492         BTFSS   r0x04, 0
00004A D???           00493         BRA     _00124_DS_
                      00494 ;       .line   37; lcd.c       bit_set(ret, j);
00004C 0E01           00495         MOVLW   0x01
00004E 6E??           00496         MOVWF   r0x04
000050 50??           00497         MOVF    r0x02, W
000052 E0??           00498         BZ      _00145_DS_
000054 E6??           00499         BN      _00148_DS_
000056 6CE8           00500         NEGF    WREG
000058 90D8           00501         BCF     STATUS, 0
00005A                00502 _00146_DS_:
00005A 36??           00503         RLCF    r0x04, F
00005C 0F01           00504         ADDLW   0x01
00005E E3??           00505         BNC     _00146_DS_
000060 D???           00506         BRA     _00145_DS_
000062                00507 _00148_DS_:
000062 90D8           00508         BCF     STATUS, 0
000064                00509 _00147_DS_:
000064 32??           00510         RRCF    r0x04, F
000066 0F01           00511         ADDLW   0x01
000068 E3??           00512         BNC     _00147_DS_
00006A                00513 _00145_DS_:
00006A 50??           00514         MOVF    r0x04, W
00006C 12??           00515         IORWF   r0x01, F
00006E                00516 _00124_DS_:
                      00517 ;       .line   38; lcd.c       j++;
00006E 2A??           00518         INCF    r0x02, F
                      00519 ;       .line   35; lcd.c       for (i=7; i>=0; i--) {
000070 06??           00520         DECF    r0x03, F
000072 80D8           00521         BSF     STATUS, 0
000074 AE??           00522         BTFSS   r0x03, 7
000076 90D8           00523         BCF     STATUS, 0
000078 E3??           00524         BNC     _00126_DS_
                      00525 ;       .line   41; lcd.c       return ret;
00007A 50??           00526         MOVF    r0x01, W
00007C CFE4 F000      00527         MOVFF   PREINC1, r0x04
000080 CFE4 F000      00528         MOVFF   PREINC1, r0x03
000084 CFE4 F000      00529         MOVFF   PREINC1, r0x02
000088 CFE4 F000      00530         MOVFF   PREINC1, r0x01
gpasm-1.2.0 #980 (Jun  5 2013) build/default/   12-5-2013  11:22:27         PAGE 11


LOC  OBJECT CODE     LINE SOURCE TEXT
  VALUE

00008C CFE4 F000      00531         MOVFF   PREINC1, r0x00
000090 CFE4 FFD9      00532         MOVFF   PREINC1, FSR2L
000094 0012           00533         RETURN  
                      00534 
                      00535 ; ; Starting pCode block
                      00536 S_lcd__delay_2ms        code
000000                00537 _delay_2ms:
                      00538 ;       .line   15; lcd.c       void delay_2ms(void)
000000 CFD9 FFE5      00539         MOVFF   FSR2L, POSTDEC1
000004 CFE1 FFD9      00540         MOVFF   FSR1L, FSR2L
000008 C??? F???      00541         MOVFF   r0x00, POSTDEC1
00000C C??? F???      00542         MOVFF   r0x01, POSTDEC1
                      00543 ;       .line   18; lcd.c       for (i = 0; i < 10; i++) {
000010 0E0A           00544         MOVLW   0x0a
000012 6E??           00545         MOVWF   r0x00
000014                00546 _00117_DS_:
                      00547 ;       .line   19; lcd.c       delay_40us();
000014 EC?? F0??      00548         CALL    _delay_40us
000018 50??           00549         MOVF    r0x00, W
00001A 6E??           00550         MOVWF   r0x01
00001C 04??           00551         DECF    r0x01, W
00001E 6E??           00552         MOVWF   r0x00
                      00553 ;       .line   18; lcd.c       for (i = 0; i < 10; i++) {
000020 50??           00554         MOVF    r0x00, W
000022 E1??           00555         BNZ     _00117_DS_
000024 CFE4 F000      00556         MOVFF   PREINC1, r0x01
000028 CFE4 F000      00557         MOVFF   PREINC1, r0x00
00002C CFE4 FFD9      00558         MOVFF   PREINC1, FSR2L
000030 0012           00559         RETURN  
                      00560 
                      00561 ; ; Starting pCode block
                      00562 S_lcd__delay_40us       code
000000                00563 _delay_40us:
                      00564 ;       .line   7; lcd.c        void delay_40us(void)
000000 CFD9 FFE5      00565         MOVFF   FSR2L, POSTDEC1
000004 CFE1 FFD9      00566         MOVFF   FSR1L, FSR2L
000008 C??? F???      00567         MOVFF   r0x00, POSTDEC1
00000C C??? F???      00568         MOVFF   r0x01, POSTDEC1
                      00569 ;       .line   12; lcd.c       for (i = 0; i < 5; i++); //3 + 3 * 25 = 78
000010 0E05           00570         MOVLW   0x05
000012 6E??           00571         MOVWF   r0x00
000014                00572 _00108_DS_:
000014 50??           00573         MOVF    r0x00, W
000016 6E??           00574         MOVWF   r0x01
000018 04??           00575         DECF    r0x01, W
00001A 6E??           00576         MOVWF   r0x00
00001C 50??           00577         MOVF    r0x00, W
00001E E1??           00578         BNZ     _00108_DS_
000020 CFE4 F000      00579         MOVFF   PREINC1, r0x01
000024 CFE4 F000      00580         MOVFF   PREINC1, r0x00
000028 CFE4 FFD9      00581         MOVFF   PREINC1, FSR2L
00002C 0012           00582         RETURN  
                      00583 
gpasm-1.2.0 #980 (Jun  5 2013) build/default/   12-5-2013  11:22:27         PAGE 12


LOC  OBJECT CODE     LINE SOURCE TEXT
  VALUE

                      00584 
                      00585 
                      00586 ; Statistics:
                      00587 ; code size:      534 (0x0216) bytes ( 0.41%)
                      00588 ;                 267 (0x010b) words
                      00589 ; udata size:       0 (0x0000) bytes ( 0.00%)
                      00590 ; access size:      5 (0x0005) bytes
                      00591 
                      00592 
                      00593         end
gpasm-1.2.0 #980 (Jun  5 2013) build/default/   12-5-2013  11:22:27         PAGE 13


SYMBOL TABLE
  LABEL                             VALUE

FSR1L                             00000FE1
FSR2L                             00000FD9
PLUSW2                            00000FDB
POSTDEC1                          00000FE5
POSTINC1                          00000FE6
PREINC1                           00000FE4
STATUS                            00000FD8
WREG                              00000FE8
_00108_DS_                        00000014
_00117_DS_                        00000014
_00124_DS_                        0000006E
_00126_DS_                        0000002A
_00140_DS_                        00000048
_00141_DS_                        00000038
_00142_DS_                        00000042
_00143_DS_                        00000040
_00145_DS_                        0000006A
_00146_DS_                        0000005A
_00147_DS_                        00000064
_00148_DS_                        00000062
_ADCON0                           00000000
_ADCON0bits                       00000000
_ADCON1                           00000000
_ADCON1bits                       00000000
_ADCON2                           00000000
_ADCON2bits                       00000000
_ADRES                            00000000
_ADRESH                           00000000
_ADRESL                           00000000
_BAUDCON                          00000000
_BAUDCONbits                      00000000
_BAUDCTL                          00000000
_BAUDCTLbits                      00000000
_BSR                              00000000
_CCP1AS                           00000000
_CCP1ASbits                       00000000
_CCP1CON                          00000000
_CCP1CONbits                      00000000
_CCP1DEL                          00000000
_CCP1DELbits                      00000000
_CCP2CON                          00000000
_CCP2CONbits                      00000000
_CCPR1                            00000000
_CCPR1H                           00000000
_CCPR1L                           00000000
_CCPR2                            00000000
_CCPR2H                           00000000
_CCPR2L                           00000000
_CMCON                            00000000
_CMCONbits                        00000000
_CVRCON                           00000000
_CVRCONbits                       00000000
_DDRA                             00000000
gpasm-1.2.0 #980 (Jun  5 2013) build/default/   12-5-2013  11:22:27         PAGE 14


SYMBOL TABLE
  LABEL                             VALUE 

_DDRAbits                         00000000
_DDRB                             00000000
_DDRBbits                         00000000
_DDRC                             00000000
_DDRCbits                         00000000
_DDRD                             00000000
_DDRDbits                         00000000
_DDRE                             00000000
_DDREbits                         00000000
_ECCP1AS                          00000000
_ECCP1ASbits                      00000000
_ECCP1CON                         00000000
_ECCP1CONbits                     00000000
_ECCP1DEL                         00000000
_ECCP1DELbits                     00000000
_EEADR                            00000000
_EECON1                           00000000
_EECON1bits                       00000000
_EECON2                           00000000
_EEDATA                           00000000
_FSR0H                            00000000
_FSR0L                            00000000
_FSR1H                            00000000
_FSR1L                            00000000
_FSR2H                            00000000
_FSR2L                            00000000
_HLVDCON                          00000000
_HLVDCONbits                      00000000
_INDF0                            00000000
_INDF1                            00000000
_INDF2                            00000000
_INTCON                           00000000
_INTCON2                          00000000
_INTCON2bits                      00000000
_INTCON3                          00000000
_INTCON3bits                      00000000
_INTCONbits                       00000000
_IPR1                             00000000
_IPR1bits                         00000000
_IPR2                             00000000
_IPR2bits                         00000000
_LATA                             00000000
_LATAbits                         00000000
_LATB                             00000000
_LATBbits                         00000000
_LATC                             00000000
_LATCbits                         00000000
_LATD                             00000000
_LATDbits                         00000000
_LATE                             00000000
_LATEbits                         00000000
_LVDCON                           00000000
_LVDCONbits                       00000000
gpasm-1.2.0 #980 (Jun  5 2013) build/default/   12-5-2013  11:22:27         PAGE 15


SYMBOL TABLE
  LABEL                             VALUE 

_OSCCON                           00000000
_OSCCONbits                       00000000
_OSCTUNE                          00000000
_OSCTUNEbits                      00000000
_PC                               00000000
_PCL                              00000000
_PCLATH                           00000000
_PCLATU                           00000000
_PIE1                             00000000
_PIE1bits                         00000000
_PIE2                             00000000
_PIE2bits                         00000000
_PIR1                             00000000
_PIR1bits                         00000000
_PIR2                             00000000
_PIR2bits                         00000000
_PLUSW0                           00000000
_PLUSW1                           00000000
_PLUSW2                           00000000
_PORTA                            00000000
_PORTAbits                        00000000
_PORTB                            00000000
_PORTBbits                        00000000
_PORTC                            00000000
_PORTCbits                        00000000
_PORTD                            00000000
_PORTDbits                        00000000
_PORTE                            00000000
_PORTEbits                        00000000
_POSTDEC0                         00000000
_POSTDEC1                         00000000
_POSTDEC2                         00000000
_POSTINC0                         00000000
_POSTINC1                         00000000
_POSTINC2                         00000000
_PR2                              00000000
_PREINC0                          00000000
_PREINC1                          00000000
_PREINC2                          00000000
_PROD                             00000000
_PRODH                            00000000
_PRODL                            00000000
_RCON                             00000000
_RCONbits                         00000000
_RCREG                            00000000
_RCSTA                            00000000
_RCSTAbits                        00000000
_SPBRG                            00000000
_SPBRGH                           00000000
_SPPCFG                           00000000
_SPPCFGbits                       00000000
_SPPCON                           00000000
_SPPCONbits                       00000000
gpasm-1.2.0 #980 (Jun  5 2013) build/default/   12-5-2013  11:22:27         PAGE 16


SYMBOL TABLE
  LABEL                             VALUE 

_SPPDATA                          00000000
_SPPEPS                           00000000
_SPPEPSbits                       00000000
_SSPADD                           00000000
_SSPBUF                           00000000
_SSPCON1                          00000000
_SSPCON1bits                      00000000
_SSPCON2                          00000000
_SSPCON2bits                      00000000
_SSPSTAT                          00000000
_SSPSTATbits                      00000000
_STATUS                           00000000
_STATUSbits                       00000000
_STKPTR                           00000000
_STKPTRbits                       00000000
_T0CON                            00000000
_T0CONbits                        00000000
_T1CON                            00000000
_T1CONbits                        00000000
_T2CON                            00000000
_T2CONbits                        00000000
_T3CON                            00000000
_T3CONbits                        00000000
_TABLAT                           00000000
_TBLPTR                           00000000
_TBLPTRH                          00000000
_TBLPTRL                          00000000
_TBLPTRU                          00000000
_TMR0                             00000000
_TMR0H                            00000000
_TMR0L                            00000000
_TMR1                             00000000
_TMR1H                            00000000
_TMR1L                            00000000
_TMR2                             00000000
_TMR3                             00000000
_TMR3H                            00000000
_TMR3L                            00000000
_TOS                              00000000
_TOSH                             00000000
_TOSL                             00000000
_TOSU                             00000000
_TRISA                            00000000
_TRISAbits                        00000000
_TRISB                            00000000
_TRISBbits                        00000000
_TRISC                            00000000
_TRISCbits                        00000000
_TRISD                            00000000
_TRISDbits                        00000000
_TRISE                            00000000
_TRISEbits                        00000000
_TXREG                            00000000
gpasm-1.2.0 #980 (Jun  5 2013) build/default/   12-5-2013  11:22:27         PAGE 17


SYMBOL TABLE
  LABEL                             VALUE 

_TXSTA                            00000000
_TXSTAbits                        00000000
_UADDR                            00000000
_UADDRbits                        00000000
_UCFG                             00000000
_UCFGbits                         00000000
_UCON                             00000000
_UCONbits                         00000000
_UEIE                             00000000
_UEIEbits                         00000000
_UEIR                             00000000
_UEIRbits                         00000000
_UEP0                             00000000
_UEP0bits                         00000000
_UEP1                             00000000
_UEP10                            00000000
_UEP10bits                        00000000
_UEP11                            00000000
_UEP11bits                        00000000
_UEP12                            00000000
_UEP12bits                        00000000
_UEP13                            00000000
_UEP13bits                        00000000
_UEP14                            00000000
_UEP14bits                        00000000
_UEP15                            00000000
_UEP15bits                        00000000
_UEP1bits                         00000000
_UEP2                             00000000
_UEP2bits                         00000000
_UEP3                             00000000
_UEP3bits                         00000000
_UEP4                             00000000
_UEP4bits                         00000000
_UEP5                             00000000
_UEP5bits                         00000000
_UEP6                             00000000
_UEP6bits                         00000000
_UEP7                             00000000
_UEP7bits                         00000000
_UEP8                             00000000
_UEP8bits                         00000000
_UEP9                             00000000
_UEP9bits                         00000000
_UFRM                             00000000
_UFRMH                            00000000
_UFRMHbits                        00000000
_UFRML                            00000000
_UFRMLbits                        00000000
_UIE                              00000000
_UIEbits                          00000000
_UIR                              00000000
_UIRbits                          00000000
gpasm-1.2.0 #980 (Jun  5 2013) build/default/   12-5-2013  11:22:27         PAGE 18


SYMBOL TABLE
  LABEL                             VALUE 

_USTAT                            00000000
_USTATbits                        00000000
_WDTCON                           00000000
_WDTCONbits                       00000000
_WREG                             00000000
__18F4550                         00000001
_delay_2ms                        00000000
_delay_40us                       00000000
_envia_comando                    00000000
_envia_dados                      00000000
_inicializa_lcd                   00000000
_inverte_comando                  00000000
r0x00                             00000000
r0x01                             00000001
r0x02                             00000002
r0x03                             00000003
r0x04                             00000004

Errors   :     0
Warnings :     0 reported,     0 suppressed
Messages :     0 reported,     0 suppressed

