gpasm-1.2.0 #980 (Jun  5 2013) build/default/   12-5-2013  11:22:28         PAGE  1


LOC  OBJECT CODE     LINE SOURCE TEXT
  VALUE

                      00001 ;--------------------------------------------------------
                      00002 ; File Created by SDCC : free open source ANSI-C Compiler
                      00003 ; Version 3.3.0 #8604 (May 11 2013) (Linux)
                      00004 ; This file was generated Thu Dec  5 11:22:28 2013
                      00005 ;--------------------------------------------------------
                      00006 ; PIC16 port for the Microchip 16-bit core micros
                      00007 ;--------------------------------------------------------
                      00008         list    p=18f4550
                      00009         radix   dec
                      00010 
                      00011 
                      00012 ;--------------------------------------------------------
                      00013 ; public variables in this module
                      00014 ;--------------------------------------------------------
  0000                00015         global  _timer_start
  0000                00016         global  _timer_expired
                      00017 
                      00018 ;--------------------------------------------------------
                      00019 ; extern variables in this module
                      00020 ;--------------------------------------------------------
  0000                00021         extern  __gptrput4
  0000                00022         extern  __gptrget4
  0000                00023         extern  _SPPCFGbits
  0000                00024         extern  _SPPEPSbits
  0000                00025         extern  _SPPCONbits
  0000                00026         extern  _UFRMLbits
  0000                00027         extern  _UFRMHbits
  0000                00028         extern  _UIRbits
  0000                00029         extern  _UIEbits
  0000                00030         extern  _UEIRbits
  0000                00031         extern  _UEIEbits
  0000                00032         extern  _USTATbits
  0000                00033         extern  _UCONbits
  0000                00034         extern  _UADDRbits
  0000                00035         extern  _UCFGbits
  0000                00036         extern  _UEP0bits
  0000                00037         extern  _UEP1bits
  0000                00038         extern  _UEP2bits
  0000                00039         extern  _UEP3bits
  0000                00040         extern  _UEP4bits
  0000                00041         extern  _UEP5bits
  0000                00042         extern  _UEP6bits
  0000                00043         extern  _UEP7bits
  0000                00044         extern  _UEP8bits
  0000                00045         extern  _UEP9bits
  0000                00046         extern  _UEP10bits
  0000                00047         extern  _UEP11bits
  0000                00048         extern  _UEP12bits
  0000                00049         extern  _UEP13bits
  0000                00050         extern  _UEP14bits
  0000                00051         extern  _UEP15bits
  0000                00052         extern  _PORTAbits
  0000                00053         extern  _PORTBbits
gpasm-1.2.0 #980 (Jun  5 2013) build/default/   12-5-2013  11:22:28         PAGE  2


LOC  OBJECT CODE     LINE SOURCE TEXT
  VALUE

  0000                00054         extern  _PORTCbits
  0000                00055         extern  _PORTDbits
  0000                00056         extern  _PORTEbits
  0000                00057         extern  _LATAbits
  0000                00058         extern  _LATBbits
  0000                00059         extern  _LATCbits
  0000                00060         extern  _LATDbits
  0000                00061         extern  _LATEbits
  0000                00062         extern  _DDRAbits
  0000                00063         extern  _TRISAbits
  0000                00064         extern  _DDRBbits
  0000                00065         extern  _TRISBbits
  0000                00066         extern  _DDRCbits
  0000                00067         extern  _TRISCbits
  0000                00068         extern  _DDRDbits
  0000                00069         extern  _TRISDbits
  0000                00070         extern  _DDREbits
  0000                00071         extern  _TRISEbits
  0000                00072         extern  _OSCTUNEbits
  0000                00073         extern  _PIE1bits
  0000                00074         extern  _PIR1bits
  0000                00075         extern  _IPR1bits
  0000                00076         extern  _PIE2bits
  0000                00077         extern  _PIR2bits
  0000                00078         extern  _IPR2bits
  0000                00079         extern  _EECON1bits
  0000                00080         extern  _RCSTAbits
  0000                00081         extern  _TXSTAbits
  0000                00082         extern  _T3CONbits
  0000                00083         extern  _CMCONbits
  0000                00084         extern  _CVRCONbits
  0000                00085         extern  _CCP1ASbits
  0000                00086         extern  _ECCP1ASbits
  0000                00087         extern  _CCP1DELbits
  0000                00088         extern  _ECCP1DELbits
  0000                00089         extern  _BAUDCONbits
  0000                00090         extern  _BAUDCTLbits
  0000                00091         extern  _CCP2CONbits
  0000                00092         extern  _CCP1CONbits
  0000                00093         extern  _ECCP1CONbits
  0000                00094         extern  _ADCON2bits
  0000                00095         extern  _ADCON1bits
  0000                00096         extern  _ADCON0bits
  0000                00097         extern  _SSPCON2bits
  0000                00098         extern  _SSPCON1bits
  0000                00099         extern  _SSPSTATbits
  0000                00100         extern  _T2CONbits
  0000                00101         extern  _T1CONbits
  0000                00102         extern  _RCONbits
  0000                00103         extern  _WDTCONbits
  0000                00104         extern  _HLVDCONbits
  0000                00105         extern  _LVDCONbits
  0000                00106         extern  _OSCCONbits
gpasm-1.2.0 #980 (Jun  5 2013) build/default/   12-5-2013  11:22:28         PAGE  3


LOC  OBJECT CODE     LINE SOURCE TEXT
  VALUE

  0000                00107         extern  _T0CONbits
  0000                00108         extern  _STATUSbits
  0000                00109         extern  _INTCON3bits
  0000                00110         extern  _INTCON2bits
  0000                00111         extern  _INTCONbits
  0000                00112         extern  _STKPTRbits
  0000                00113         extern  _SPPDATA
  0000                00114         extern  _SPPCFG
  0000                00115         extern  _SPPEPS
  0000                00116         extern  _SPPCON
  0000                00117         extern  _UFRM
  0000                00118         extern  _UFRML
  0000                00119         extern  _UFRMH
  0000                00120         extern  _UIR
  0000                00121         extern  _UIE
  0000                00122         extern  _UEIR
  0000                00123         extern  _UEIE
  0000                00124         extern  _USTAT
  0000                00125         extern  _UCON
  0000                00126         extern  _UADDR
  0000                00127         extern  _UCFG
  0000                00128         extern  _UEP0
  0000                00129         extern  _UEP1
  0000                00130         extern  _UEP2
  0000                00131         extern  _UEP3
  0000                00132         extern  _UEP4
  0000                00133         extern  _UEP5
  0000                00134         extern  _UEP6
  0000                00135         extern  _UEP7
  0000                00136         extern  _UEP8
  0000                00137         extern  _UEP9
  0000                00138         extern  _UEP10
  0000                00139         extern  _UEP11
  0000                00140         extern  _UEP12
  0000                00141         extern  _UEP13
  0000                00142         extern  _UEP14
  0000                00143         extern  _UEP15
  0000                00144         extern  _PORTA
  0000                00145         extern  _PORTB
  0000                00146         extern  _PORTC
  0000                00147         extern  _PORTD
  0000                00148         extern  _PORTE
  0000                00149         extern  _LATA
  0000                00150         extern  _LATB
  0000                00151         extern  _LATC
  0000                00152         extern  _LATD
  0000                00153         extern  _LATE
  0000                00154         extern  _DDRA
  0000                00155         extern  _TRISA
  0000                00156         extern  _DDRB
  0000                00157         extern  _TRISB
  0000                00158         extern  _DDRC
  0000                00159         extern  _TRISC
gpasm-1.2.0 #980 (Jun  5 2013) build/default/   12-5-2013  11:22:28         PAGE  4


LOC  OBJECT CODE     LINE SOURCE TEXT
  VALUE

  0000                00160         extern  _DDRD
  0000                00161         extern  _TRISD
  0000                00162         extern  _DDRE
  0000                00163         extern  _TRISE
  0000                00164         extern  _OSCTUNE
  0000                00165         extern  _PIE1
  0000                00166         extern  _PIR1
  0000                00167         extern  _IPR1
  0000                00168         extern  _PIE2
  0000                00169         extern  _PIR2
  0000                00170         extern  _IPR2
  0000                00171         extern  _EECON1
  0000                00172         extern  _EECON2
  0000                00173         extern  _EEDATA
  0000                00174         extern  _EEADR
  0000                00175         extern  _RCSTA
  0000                00176         extern  _TXSTA
  0000                00177         extern  _TXREG
  0000                00178         extern  _RCREG
  0000                00179         extern  _SPBRG
  0000                00180         extern  _SPBRGH
  0000                00181         extern  _T3CON
  0000                00182         extern  _TMR3
  0000                00183         extern  _TMR3L
  0000                00184         extern  _TMR3H
  0000                00185         extern  _CMCON
  0000                00186         extern  _CVRCON
  0000                00187         extern  _CCP1AS
  0000                00188         extern  _ECCP1AS
  0000                00189         extern  _CCP1DEL
  0000                00190         extern  _ECCP1DEL
  0000                00191         extern  _BAUDCON
  0000                00192         extern  _BAUDCTL
  0000                00193         extern  _CCP2CON
  0000                00194         extern  _CCPR2
  0000                00195         extern  _CCPR2L
  0000                00196         extern  _CCPR2H
  0000                00197         extern  _CCP1CON
  0000                00198         extern  _ECCP1CON
  0000                00199         extern  _CCPR1
  0000                00200         extern  _CCPR1L
  0000                00201         extern  _CCPR1H
  0000                00202         extern  _ADCON2
  0000                00203         extern  _ADCON1
  0000                00204         extern  _ADCON0
  0000                00205         extern  _ADRES
  0000                00206         extern  _ADRESL
  0000                00207         extern  _ADRESH
  0000                00208         extern  _SSPCON2
  0000                00209         extern  _SSPCON1
  0000                00210         extern  _SSPSTAT
  0000                00211         extern  _SSPADD
  0000                00212         extern  _SSPBUF
gpasm-1.2.0 #980 (Jun  5 2013) build/default/   12-5-2013  11:22:28         PAGE  5


LOC  OBJECT CODE     LINE SOURCE TEXT
  VALUE

  0000                00213         extern  _T2CON
  0000                00214         extern  _PR2
  0000                00215         extern  _TMR2
  0000                00216         extern  _T1CON
  0000                00217         extern  _TMR1
  0000                00218         extern  _TMR1L
  0000                00219         extern  _TMR1H
  0000                00220         extern  _RCON
  0000                00221         extern  _WDTCON
  0000                00222         extern  _HLVDCON
  0000                00223         extern  _LVDCON
  0000                00224         extern  _OSCCON
  0000                00225         extern  _T0CON
  0000                00226         extern  _TMR0
  0000                00227         extern  _TMR0L
  0000                00228         extern  _TMR0H
  0000                00229         extern  _STATUS
  0000                00230         extern  _FSR2L
  0000                00231         extern  _FSR2H
  0000                00232         extern  _PLUSW2
  0000                00233         extern  _PREINC2
  0000                00234         extern  _POSTDEC2
  0000                00235         extern  _POSTINC2
  0000                00236         extern  _INDF2
  0000                00237         extern  _BSR
  0000                00238         extern  _FSR1L
  0000                00239         extern  _FSR1H
  0000                00240         extern  _PLUSW1
  0000                00241         extern  _PREINC1
  0000                00242         extern  _POSTDEC1
  0000                00243         extern  _POSTINC1
  0000                00244         extern  _INDF1
  0000                00245         extern  _WREG
  0000                00246         extern  _FSR0L
  0000                00247         extern  _FSR0H
  0000                00248         extern  _PLUSW0
  0000                00249         extern  _PREINC0
  0000                00250         extern  _POSTDEC0
  0000                00251         extern  _POSTINC0
  0000                00252         extern  _INDF0
  0000                00253         extern  _INTCON3
  0000                00254         extern  _INTCON2
  0000                00255         extern  _INTCON
  0000                00256         extern  _PROD
  0000                00257         extern  _PRODL
  0000                00258         extern  _PRODH
  0000                00259         extern  _TABLAT
  0000                00260         extern  _TBLPTR
  0000                00261         extern  _TBLPTRL
  0000                00262         extern  _TBLPTRH
  0000                00263         extern  _TBLPTRU
  0000                00264         extern  _PC
  0000                00265         extern  _PCL
gpasm-1.2.0 #980 (Jun  5 2013) build/default/   12-5-2013  11:22:28         PAGE  6


LOC  OBJECT CODE     LINE SOURCE TEXT
  VALUE

  0000                00266         extern  _PCLATH
  0000                00267         extern  _PCLATU
  0000                00268         extern  _STKPTR
  0000                00269         extern  _TOS
  0000                00270         extern  _TOSL
  0000                00271         extern  _TOSH
  0000                00272         extern  _TOSU
  0000                00273         extern  _milis
                      00274 
                      00275 ;--------------------------------------------------------
                      00276 ;       Equates to used internal registers
                      00277 ;--------------------------------------------------------
  00000FD8            00278 STATUS  equ     0xfd8
  00000FE8            00279 WREG    equ     0xfe8
  00000FF6            00280 TBLPTRL equ     0xff6
  00000FF7            00281 TBLPTRH equ     0xff7
  00000FE9            00282 FSR0L   equ     0xfe9
  00000FE1            00283 FSR1L   equ     0xfe1
  00000FD9            00284 FSR2L   equ     0xfd9
  00000FE5            00285 POSTDEC1        equ     0xfe5
  00000FE4            00286 PREINC1 equ     0xfe4
  00000FDB            00287 PLUSW2  equ     0xfdb
  00000FF3            00288 PRODL   equ     0xff3
  00000FF4            00289 PRODH   equ     0xff4
                      00290 
                      00291 
                      00292 ; Internal registers
                      00293 .registers      udata_ovr       0x0000
000000                00294 r0x00   res     1
000001                00295 r0x01   res     1
000002                00296 r0x02   res     1
000003                00297 r0x03   res     1
000004                00298 r0x04   res     1
000005                00299 r0x05   res     1
000006                00300 r0x06   res     1
000007                00301 r0x07   res     1
000008                00302 r0x08   res     1
000009                00303 r0x09   res     1
00000A                00304 r0x0a   res     1
00000B                00305 r0x0b   res     1
                      00306 
                      00307 ;--------------------------------------------------------
                      00308 ; global & static initialisations
                      00309 ;--------------------------------------------------------
                      00310 ; I code from now on!
                      00311 ; ; Starting pCode block
                      00312 S_multi_threading__timer_expired        code
000000                00313 _timer_expired:
                      00314 ;       .line   9; multi_threading.c    bool timer_expired(unsigned long *t)
000000 CFD9 FFE5      00315         MOVFF   FSR2L, POSTDEC1
000004 CFE1 FFD9      00316         MOVFF   FSR1L, FSR2L
000008 C??? F???      00317         MOVFF   r0x00, POSTDEC1
00000C C??? F???      00318         MOVFF   r0x01, POSTDEC1
gpasm-1.2.0 #980 (Jun  5 2013) build/default/   12-5-2013  11:22:28         PAGE  7


LOC  OBJECT CODE     LINE SOURCE TEXT
  VALUE

000010 C??? F???      00319         MOVFF   r0x02, POSTDEC1
000014 C??? F???      00320         MOVFF   r0x03, POSTDEC1
000018 C??? F???      00321         MOVFF   r0x04, POSTDEC1
00001C C??? F???      00322         MOVFF   r0x05, POSTDEC1
000020 C??? F???      00323         MOVFF   r0x06, POSTDEC1
000024 C??? F???      00324         MOVFF   r0x07, POSTDEC1
000028 C??? F???      00325         MOVFF   r0x08, POSTDEC1
00002C C??? F???      00326         MOVFF   r0x09, POSTDEC1
000030 C??? F???      00327         MOVFF   r0x0a, POSTDEC1
000034 C??? F???      00328         MOVFF   r0x0b, POSTDEC1
000038 0E02           00329         MOVLW   0x02
00003A CFDB F000      00330         MOVFF   PLUSW2, r0x00
00003E 0E03           00331         MOVLW   0x03
000040 CFDB F000      00332         MOVFF   PLUSW2, r0x01
000044 0E04           00333         MOVLW   0x04
000046 CFDB F000      00334         MOVFF   PLUSW2, r0x02
                      00335 ;       .line   11; multi_threading.c   if (milis() > t[0] + t[1]) {
00004A EC?? F0??      00336         CALL    _milis
00004E 6E??           00337         MOVWF   r0x03
000050 CFF3 F000      00338         MOVFF   PRODL, r0x04
000054 CFF4 F000      00339         MOVFF   PRODH, r0x05
000058 CFE9 F000      00340         MOVFF   FSR0L, r0x06
00005C C??? F???      00341         MOVFF   r0x00, FSR0L
000060 C??? F???      00342         MOVFF   r0x01, PRODL
000064 50??           00343         MOVF    r0x02, W
000066 EC?? F0??      00344         CALL    __gptrget4
00006A 6E??           00345         MOVWF   r0x07
00006C CFF3 F000      00346         MOVFF   PRODL, r0x08
000070 CFF4 F000      00347         MOVFF   PRODH, r0x09
000074 CFE9 F000      00348         MOVFF   FSR0L, r0x0a
000078 0E04           00349         MOVLW   0x04
00007A 26??           00350         ADDWF   r0x00, F
00007C 0E00           00351         MOVLW   0x00
00007E 22??           00352         ADDWFC  r0x01, F
000080 22??           00353         ADDWFC  r0x02, F
000082 C??? F???      00354         MOVFF   r0x00, FSR0L
000086 C??? F???      00355         MOVFF   r0x01, PRODL
00008A 50??           00356         MOVF    r0x02, W
00008C EC?? F0??      00357         CALL    __gptrget4
000090 6E??           00358         MOVWF   r0x00
000092 CFF3 F000      00359         MOVFF   PRODL, r0x01
000096 CFF4 F000      00360         MOVFF   PRODH, r0x02
00009A CFE9 F000      00361         MOVFF   FSR0L, r0x0b
00009E 50??           00362         MOVF    r0x00, W
0000A0 26??           00363         ADDWF   r0x07, F
0000A2 50??           00364         MOVF    r0x01, W
0000A4 22??           00365         ADDWFC  r0x08, F
0000A6 50??           00366         MOVF    r0x02, W
0000A8 22??           00367         ADDWFC  r0x09, F
0000AA 50??           00368         MOVF    r0x0b, W
0000AC 22??           00369         ADDWFC  r0x0a, F
0000AE 50??           00370         MOVF    r0x06, W
0000B0 5C??           00371         SUBWF   r0x0a, W
gpasm-1.2.0 #980 (Jun  5 2013) build/default/   12-5-2013  11:22:28         PAGE  8


LOC  OBJECT CODE     LINE SOURCE TEXT
  VALUE

0000B2 E1??           00372         BNZ     _00117_DS_
0000B4 50??           00373         MOVF    r0x05, W
0000B6 5C??           00374         SUBWF   r0x09, W
0000B8 E1??           00375         BNZ     _00117_DS_
0000BA 50??           00376         MOVF    r0x04, W
0000BC 5C??           00377         SUBWF   r0x08, W
0000BE E1??           00378         BNZ     _00117_DS_
0000C0 50??           00379         MOVF    r0x03, W
0000C2 5C??           00380         SUBWF   r0x07, W
0000C4                00381 _00117_DS_:
0000C4 E2??           00382         BC      _00111_DS_
                      00383 ;       .line   12; multi_threading.c   return true;
0000C6 0E01           00384         MOVLW   0x01
0000C8 D???           00385         BRA     _00112_DS_
0000CA                00386 _00111_DS_:
                      00387 ;       .line   14; multi_threading.c   return false;
0000CA 6AE8           00388         CLRF    WREG
0000CC                00389 _00112_DS_:
0000CC CFE4 F000      00390         MOVFF   PREINC1, r0x0b
0000D0 CFE4 F000      00391         MOVFF   PREINC1, r0x0a
0000D4 CFE4 F000      00392         MOVFF   PREINC1, r0x09
0000D8 CFE4 F000      00393         MOVFF   PREINC1, r0x08
0000DC CFE4 F000      00394         MOVFF   PREINC1, r0x07
0000E0 CFE4 F000      00395         MOVFF   PREINC1, r0x06
0000E4 CFE4 F000      00396         MOVFF   PREINC1, r0x05
0000E8 CFE4 F000      00397         MOVFF   PREINC1, r0x04
0000EC CFE4 F000      00398         MOVFF   PREINC1, r0x03
0000F0 CFE4 F000      00399         MOVFF   PREINC1, r0x02
0000F4 CFE4 F000      00400         MOVFF   PREINC1, r0x01
0000F8 CFE4 F000      00401         MOVFF   PREINC1, r0x00
0000FC CFE4 FFD9      00402         MOVFF   PREINC1, FSR2L
000100 0012           00403         RETURN  
                      00404 
                      00405 ; ; Starting pCode block
                      00406 S_multi_threading__timer_start  code
000000                00407 _timer_start:
                      00408 ;       .line   4; multi_threading.c    void timer_start(unsigned long *t)
000000 CFD9 FFE5      00409         MOVFF   FSR2L, POSTDEC1
000004 CFE1 FFD9      00410         MOVFF   FSR1L, FSR2L
000008 C??? F???      00411         MOVFF   r0x00, POSTDEC1
00000C C??? F???      00412         MOVFF   r0x01, POSTDEC1
000010 C??? F???      00413         MOVFF   r0x02, POSTDEC1
000014 C??? F???      00414         MOVFF   r0x03, POSTDEC1
000018 C??? F???      00415         MOVFF   r0x04, POSTDEC1
00001C C??? F???      00416         MOVFF   r0x05, POSTDEC1
000020 C??? F???      00417         MOVFF   r0x06, POSTDEC1
000024 0E02           00418         MOVLW   0x02
000026 CFDB F000      00419         MOVFF   PLUSW2, r0x00
00002A 0E03           00420         MOVLW   0x03
00002C CFDB F000      00421         MOVFF   PLUSW2, r0x01
000030 0E04           00422         MOVLW   0x04
000032 CFDB F000      00423         MOVFF   PLUSW2, r0x02
                      00424 ;       .line   6; multi_threading.c    t[0] = milis();
gpasm-1.2.0 #980 (Jun  5 2013) build/default/   12-5-2013  11:22:28         PAGE  9


LOC  OBJECT CODE     LINE SOURCE TEXT
  VALUE

000036 EC?? F0??      00425         CALL    _milis
00003A 6E??           00426         MOVWF   r0x03
00003C CFF3 F000      00427         MOVFF   PRODL, r0x04
000040 CFF4 F000      00428         MOVFF   PRODH, r0x05
000044 CFE9 F000      00429         MOVFF   FSR0L, r0x06
000048 C??? F???      00430         MOVFF   r0x03, POSTDEC1
00004C C??? F???      00431         MOVFF   r0x04, PRODH
000050 C??? F???      00432         MOVFF   r0x05, TBLPTRL
000054 C??? F???      00433         MOVFF   r0x06, TBLPTRH
000058 C??? F???      00434         MOVFF   r0x00, FSR0L
00005C C??? F???      00435         MOVFF   r0x01, PRODL
000060 50??           00436         MOVF    r0x02, W
000062 EC?? F0??      00437         CALL    __gptrput4
000066 CFE4 F000      00438         MOVFF   PREINC1, r0x06
00006A CFE4 F000      00439         MOVFF   PREINC1, r0x05
00006E CFE4 F000      00440         MOVFF   PREINC1, r0x04
000072 CFE4 F000      00441         MOVFF   PREINC1, r0x03
000076 CFE4 F000      00442         MOVFF   PREINC1, r0x02
00007A CFE4 F000      00443         MOVFF   PREINC1, r0x01
00007E CFE4 F000      00444         MOVFF   PREINC1, r0x00
000082 CFE4 FFD9      00445         MOVFF   PREINC1, FSR2L
000086 0012           00446         RETURN  
                      00447 
                      00448 
                      00449 
                      00450 ; Statistics:
                      00451 ; code size:      394 (0x018a) bytes ( 0.30%)
                      00452 ;                 197 (0x00c5) words
                      00453 ; udata size:       0 (0x0000) bytes ( 0.00%)
                      00454 ; access size:     12 (0x000c) bytes
                      00455 
                      00456 
                      00457         end
gpasm-1.2.0 #980 (Jun  5 2013) build/default/   12-5-2013  11:22:28         PAGE 10


SYMBOL TABLE
  LABEL                             VALUE

FSR0L                             00000FE9
FSR1L                             00000FE1
FSR2L                             00000FD9
PLUSW2                            00000FDB
POSTDEC1                          00000FE5
PREINC1                           00000FE4
PRODH                             00000FF4
PRODL                             00000FF3
STATUS                            00000FD8
TBLPTRH                           00000FF7
TBLPTRL                           00000FF6
WREG                              00000FE8
_00111_DS_                        000000CA
_00112_DS_                        000000CC
_00117_DS_                        000000C4
_ADCON0                           00000000
_ADCON0bits                       00000000
_ADCON1                           00000000
_ADCON1bits                       00000000
_ADCON2                           00000000
_ADCON2bits                       00000000
_ADRES                            00000000
_ADRESH                           00000000
_ADRESL                           00000000
_BAUDCON                          00000000
_BAUDCONbits                      00000000
_BAUDCTL                          00000000
_BAUDCTLbits                      00000000
_BSR                              00000000
_CCP1AS                           00000000
_CCP1ASbits                       00000000
_CCP1CON                          00000000
_CCP1CONbits                      00000000
_CCP1DEL                          00000000
_CCP1DELbits                      00000000
_CCP2CON                          00000000
_CCP2CONbits                      00000000
_CCPR1                            00000000
_CCPR1H                           00000000
_CCPR1L                           00000000
_CCPR2                            00000000
_CCPR2H                           00000000
_CCPR2L                           00000000
_CMCON                            00000000
_CMCONbits                        00000000
_CVRCON                           00000000
_CVRCONbits                       00000000
_DDRA                             00000000
_DDRAbits                         00000000
_DDRB                             00000000
_DDRBbits                         00000000
_DDRC                             00000000
_DDRCbits                         00000000
gpasm-1.2.0 #980 (Jun  5 2013) build/default/   12-5-2013  11:22:28         PAGE 11


SYMBOL TABLE
  LABEL                             VALUE 

_DDRD                             00000000
_DDRDbits                         00000000
_DDRE                             00000000
_DDREbits                         00000000
_ECCP1AS                          00000000
_ECCP1ASbits                      00000000
_ECCP1CON                         00000000
_ECCP1CONbits                     00000000
_ECCP1DEL                         00000000
_ECCP1DELbits                     00000000
_EEADR                            00000000
_EECON1                           00000000
_EECON1bits                       00000000
_EECON2                           00000000
_EEDATA                           00000000
_FSR0H                            00000000
_FSR0L                            00000000
_FSR1H                            00000000
_FSR1L                            00000000
_FSR2H                            00000000
_FSR2L                            00000000
_HLVDCON                          00000000
_HLVDCONbits                      00000000
_INDF0                            00000000
_INDF1                            00000000
_INDF2                            00000000
_INTCON                           00000000
_INTCON2                          00000000
_INTCON2bits                      00000000
_INTCON3                          00000000
_INTCON3bits                      00000000
_INTCONbits                       00000000
_IPR1                             00000000
_IPR1bits                         00000000
_IPR2                             00000000
_IPR2bits                         00000000
_LATA                             00000000
_LATAbits                         00000000
_LATB                             00000000
_LATBbits                         00000000
_LATC                             00000000
_LATCbits                         00000000
_LATD                             00000000
_LATDbits                         00000000
_LATE                             00000000
_LATEbits                         00000000
_LVDCON                           00000000
_LVDCONbits                       00000000
_OSCCON                           00000000
_OSCCONbits                       00000000
_OSCTUNE                          00000000
_OSCTUNEbits                      00000000
_PC                               00000000
gpasm-1.2.0 #980 (Jun  5 2013) build/default/   12-5-2013  11:22:28         PAGE 12


SYMBOL TABLE
  LABEL                             VALUE 

_PCL                              00000000
_PCLATH                           00000000
_PCLATU                           00000000
_PIE1                             00000000
_PIE1bits                         00000000
_PIE2                             00000000
_PIE2bits                         00000000
_PIR1                             00000000
_PIR1bits                         00000000
_PIR2                             00000000
_PIR2bits                         00000000
_PLUSW0                           00000000
_PLUSW1                           00000000
_PLUSW2                           00000000
_PORTA                            00000000
_PORTAbits                        00000000
_PORTB                            00000000
_PORTBbits                        00000000
_PORTC                            00000000
_PORTCbits                        00000000
_PORTD                            00000000
_PORTDbits                        00000000
_PORTE                            00000000
_PORTEbits                        00000000
_POSTDEC0                         00000000
_POSTDEC1                         00000000
_POSTDEC2                         00000000
_POSTINC0                         00000000
_POSTINC1                         00000000
_POSTINC2                         00000000
_PR2                              00000000
_PREINC0                          00000000
_PREINC1                          00000000
_PREINC2                          00000000
_PROD                             00000000
_PRODH                            00000000
_PRODL                            00000000
_RCON                             00000000
_RCONbits                         00000000
_RCREG                            00000000
_RCSTA                            00000000
_RCSTAbits                        00000000
_SPBRG                            00000000
_SPBRGH                           00000000
_SPPCFG                           00000000
_SPPCFGbits                       00000000
_SPPCON                           00000000
_SPPCONbits                       00000000
_SPPDATA                          00000000
_SPPEPS                           00000000
_SPPEPSbits                       00000000
_SSPADD                           00000000
_SSPBUF                           00000000
gpasm-1.2.0 #980 (Jun  5 2013) build/default/   12-5-2013  11:22:28         PAGE 13


SYMBOL TABLE
  LABEL                             VALUE 

_SSPCON1                          00000000
_SSPCON1bits                      00000000
_SSPCON2                          00000000
_SSPCON2bits                      00000000
_SSPSTAT                          00000000
_SSPSTATbits                      00000000
_STATUS                           00000000
_STATUSbits                       00000000
_STKPTR                           00000000
_STKPTRbits                       00000000
_T0CON                            00000000
_T0CONbits                        00000000
_T1CON                            00000000
_T1CONbits                        00000000
_T2CON                            00000000
_T2CONbits                        00000000
_T3CON                            00000000
_T3CONbits                        00000000
_TABLAT                           00000000
_TBLPTR                           00000000
_TBLPTRH                          00000000
_TBLPTRL                          00000000
_TBLPTRU                          00000000
_TMR0                             00000000
_TMR0H                            00000000
_TMR0L                            00000000
_TMR1                             00000000
_TMR1H                            00000000
_TMR1L                            00000000
_TMR2                             00000000
_TMR3                             00000000
_TMR3H                            00000000
_TMR3L                            00000000
_TOS                              00000000
_TOSH                             00000000
_TOSL                             00000000
_TOSU                             00000000
_TRISA                            00000000
_TRISAbits                        00000000
_TRISB                            00000000
_TRISBbits                        00000000
_TRISC                            00000000
_TRISCbits                        00000000
_TRISD                            00000000
_TRISDbits                        00000000
_TRISE                            00000000
_TRISEbits                        00000000
_TXREG                            00000000
_TXSTA                            00000000
_TXSTAbits                        00000000
_UADDR                            00000000
_UADDRbits                        00000000
_UCFG                             00000000
gpasm-1.2.0 #980 (Jun  5 2013) build/default/   12-5-2013  11:22:28         PAGE 14


SYMBOL TABLE
  LABEL                             VALUE 

_UCFGbits                         00000000
_UCON                             00000000
_UCONbits                         00000000
_UEIE                             00000000
_UEIEbits                         00000000
_UEIR                             00000000
_UEIRbits                         00000000
_UEP0                             00000000
_UEP0bits                         00000000
_UEP1                             00000000
_UEP10                            00000000
_UEP10bits                        00000000
_UEP11                            00000000
_UEP11bits                        00000000
_UEP12                            00000000
_UEP12bits                        00000000
_UEP13                            00000000
_UEP13bits                        00000000
_UEP14                            00000000
_UEP14bits                        00000000
_UEP15                            00000000
_UEP15bits                        00000000
_UEP1bits                         00000000
_UEP2                             00000000
_UEP2bits                         00000000
_UEP3                             00000000
_UEP3bits                         00000000
_UEP4                             00000000
_UEP4bits                         00000000
_UEP5                             00000000
_UEP5bits                         00000000
_UEP6                             00000000
_UEP6bits                         00000000
_UEP7                             00000000
_UEP7bits                         00000000
_UEP8                             00000000
_UEP8bits                         00000000
_UEP9                             00000000
_UEP9bits                         00000000
_UFRM                             00000000
_UFRMH                            00000000
_UFRMHbits                        00000000
_UFRML                            00000000
_UFRMLbits                        00000000
_UIE                              00000000
_UIEbits                          00000000
_UIR                              00000000
_UIRbits                          00000000
_USTAT                            00000000
_USTATbits                        00000000
_WDTCON                           00000000
_WDTCONbits                       00000000
_WREG                             00000000
gpasm-1.2.0 #980 (Jun  5 2013) build/default/   12-5-2013  11:22:28         PAGE 15


SYMBOL TABLE
  LABEL                             VALUE 

__18F4550                         00000001
__gptrget4                        00000000
__gptrput4                        00000000
_milis                            00000000
_timer_expired                    00000000
_timer_start                      00000000
r0x00                             00000000
r0x01                             00000001
r0x02                             00000002
r0x03                             00000003
r0x04                             00000004
r0x05                             00000005
r0x06                             00000006
r0x07                             00000007
r0x08                             00000008
r0x09                             00000009
r0x0a                             0000000A
r0x0b                             0000000B

Errors   :     0
Warnings :     0 reported,     0 suppressed
Messages :     0 reported,     0 suppressed

