gpasm-1.2.0 #980 (Jun  5 2013) build/default/   12-5-2013  11:22:28         PAGE  1


LOC  OBJECT CODE     LINE SOURCE TEXT
  VALUE

                      00001 ;--------------------------------------------------------
                      00002 ; File Created by SDCC : free open source ANSI-C Compiler
                      00003 ; Version 3.3.0 #8604 (May 11 2013) (Linux)
                      00004 ; This file was generated Thu Dec  5 11:22:28 2013
                      00005 ;--------------------------------------------------------
                      00006 ; PIC16 port for the Microchip 16-bit core micros
                      00007 ;--------------------------------------------------------
                      00008         list    p=18f4550
                      00009         radix   dec
                      00010 
                      00011 
                      00012 ;--------------------------------------------------------
                      00013 ; public variables in this module
                      00014 ;--------------------------------------------------------
  0000                00015         global  _comando
  0000                00016         global  _milis
  0000                00017         global  _recebe_comando
  0000                00018         global  _inicializa_timer
  0000                00019         global  _system_time_up
  0000                00020         global  _ciclos
  0000                00021         global  _ret
  0000                00022         global  _in_data
  0000                00023         global  _index
  0000                00024         global  _in_char
  0000                00025         global  _ended
  0000                00026         global  _started
  0000                00027         global  _overflow
  0000                00028         global  _Int_timer_0
                      00029 
                      00030 ;--------------------------------------------------------
                      00031 ; extern variables in this module
                      00032 ;--------------------------------------------------------
  0000                00033         extern  _SPPCFGbits
  0000                00034         extern  _SPPEPSbits
  0000                00035         extern  _SPPCONbits
  0000                00036         extern  _UFRMLbits
  0000                00037         extern  _UFRMHbits
  0000                00038         extern  _UIRbits
  0000                00039         extern  _UIEbits
  0000                00040         extern  _UEIRbits
  0000                00041         extern  _UEIEbits
  0000                00042         extern  _USTATbits
  0000                00043         extern  _UCONbits
  0000                00044         extern  _UADDRbits
  0000                00045         extern  _UCFGbits
  0000                00046         extern  _UEP0bits
  0000                00047         extern  _UEP1bits
  0000                00048         extern  _UEP2bits
  0000                00049         extern  _UEP3bits
  0000                00050         extern  _UEP4bits
  0000                00051         extern  _UEP5bits
  0000                00052         extern  _UEP6bits
  0000                00053         extern  _UEP7bits
gpasm-1.2.0 #980 (Jun  5 2013) build/default/   12-5-2013  11:22:28         PAGE  2


LOC  OBJECT CODE     LINE SOURCE TEXT
  VALUE

  0000                00054         extern  _UEP8bits
  0000                00055         extern  _UEP9bits
  0000                00056         extern  _UEP10bits
  0000                00057         extern  _UEP11bits
  0000                00058         extern  _UEP12bits
  0000                00059         extern  _UEP13bits
  0000                00060         extern  _UEP14bits
  0000                00061         extern  _UEP15bits
  0000                00062         extern  _PORTAbits
  0000                00063         extern  _PORTBbits
  0000                00064         extern  _PORTCbits
  0000                00065         extern  _PORTDbits
  0000                00066         extern  _PORTEbits
  0000                00067         extern  _LATAbits
  0000                00068         extern  _LATBbits
  0000                00069         extern  _LATCbits
  0000                00070         extern  _LATDbits
  0000                00071         extern  _LATEbits
  0000                00072         extern  _DDRAbits
  0000                00073         extern  _TRISAbits
  0000                00074         extern  _DDRBbits
  0000                00075         extern  _TRISBbits
  0000                00076         extern  _DDRCbits
  0000                00077         extern  _TRISCbits
  0000                00078         extern  _DDRDbits
  0000                00079         extern  _TRISDbits
  0000                00080         extern  _DDREbits
  0000                00081         extern  _TRISEbits
  0000                00082         extern  _OSCTUNEbits
  0000                00083         extern  _PIE1bits
  0000                00084         extern  _PIR1bits
  0000                00085         extern  _IPR1bits
  0000                00086         extern  _PIE2bits
  0000                00087         extern  _PIR2bits
  0000                00088         extern  _IPR2bits
  0000                00089         extern  _EECON1bits
  0000                00090         extern  _RCSTAbits
  0000                00091         extern  _TXSTAbits
  0000                00092         extern  _T3CONbits
  0000                00093         extern  _CMCONbits
  0000                00094         extern  _CVRCONbits
  0000                00095         extern  _CCP1ASbits
  0000                00096         extern  _ECCP1ASbits
  0000                00097         extern  _CCP1DELbits
  0000                00098         extern  _ECCP1DELbits
  0000                00099         extern  _BAUDCONbits
  0000                00100         extern  _BAUDCTLbits
  0000                00101         extern  _CCP2CONbits
  0000                00102         extern  _CCP1CONbits
  0000                00103         extern  _ECCP1CONbits
  0000                00104         extern  _ADCON2bits
  0000                00105         extern  _ADCON1bits
  0000                00106         extern  _ADCON0bits
gpasm-1.2.0 #980 (Jun  5 2013) build/default/   12-5-2013  11:22:28         PAGE  3


LOC  OBJECT CODE     LINE SOURCE TEXT
  VALUE

  0000                00107         extern  _SSPCON2bits
  0000                00108         extern  _SSPCON1bits
  0000                00109         extern  _SSPSTATbits
  0000                00110         extern  _T2CONbits
  0000                00111         extern  _T1CONbits
  0000                00112         extern  _RCONbits
  0000                00113         extern  _WDTCONbits
  0000                00114         extern  _HLVDCONbits
  0000                00115         extern  _LVDCONbits
  0000                00116         extern  _OSCCONbits
  0000                00117         extern  _T0CONbits
  0000                00118         extern  _STATUSbits
  0000                00119         extern  _INTCON3bits
  0000                00120         extern  _INTCON2bits
  0000                00121         extern  _INTCONbits
  0000                00122         extern  _STKPTRbits
  0000                00123         extern  _SPPDATA
  0000                00124         extern  _SPPCFG
  0000                00125         extern  _SPPEPS
  0000                00126         extern  _SPPCON
  0000                00127         extern  _UFRM
  0000                00128         extern  _UFRML
  0000                00129         extern  _UFRMH
  0000                00130         extern  _UIR
  0000                00131         extern  _UIE
  0000                00132         extern  _UEIR
  0000                00133         extern  _UEIE
  0000                00134         extern  _USTAT
  0000                00135         extern  _UCON
  0000                00136         extern  _UADDR
  0000                00137         extern  _UCFG
  0000                00138         extern  _UEP0
  0000                00139         extern  _UEP1
  0000                00140         extern  _UEP2
  0000                00141         extern  _UEP3
  0000                00142         extern  _UEP4
  0000                00143         extern  _UEP5
  0000                00144         extern  _UEP6
  0000                00145         extern  _UEP7
  0000                00146         extern  _UEP8
  0000                00147         extern  _UEP9
  0000                00148         extern  _UEP10
  0000                00149         extern  _UEP11
  0000                00150         extern  _UEP12
  0000                00151         extern  _UEP13
  0000                00152         extern  _UEP14
  0000                00153         extern  _UEP15
  0000                00154         extern  _PORTA
  0000                00155         extern  _PORTB
  0000                00156         extern  _PORTC
  0000                00157         extern  _PORTD
  0000                00158         extern  _PORTE
  0000                00159         extern  _LATA
gpasm-1.2.0 #980 (Jun  5 2013) build/default/   12-5-2013  11:22:28         PAGE  4


LOC  OBJECT CODE     LINE SOURCE TEXT
  VALUE

  0000                00160         extern  _LATB
  0000                00161         extern  _LATC
  0000                00162         extern  _LATD
  0000                00163         extern  _LATE
  0000                00164         extern  _DDRA
  0000                00165         extern  _TRISA
  0000                00166         extern  _DDRB
  0000                00167         extern  _TRISB
  0000                00168         extern  _DDRC
  0000                00169         extern  _TRISC
  0000                00170         extern  _DDRD
  0000                00171         extern  _TRISD
  0000                00172         extern  _DDRE
  0000                00173         extern  _TRISE
  0000                00174         extern  _OSCTUNE
  0000                00175         extern  _PIE1
  0000                00176         extern  _PIR1
  0000                00177         extern  _IPR1
  0000                00178         extern  _PIE2
  0000                00179         extern  _PIR2
  0000                00180         extern  _IPR2
  0000                00181         extern  _EECON1
  0000                00182         extern  _EECON2
  0000                00183         extern  _EEDATA
  0000                00184         extern  _EEADR
  0000                00185         extern  _RCSTA
  0000                00186         extern  _TXSTA
  0000                00187         extern  _TXREG
  0000                00188         extern  _RCREG
  0000                00189         extern  _SPBRG
  0000                00190         extern  _SPBRGH
  0000                00191         extern  _T3CON
  0000                00192         extern  _TMR3
  0000                00193         extern  _TMR3L
  0000                00194         extern  _TMR3H
  0000                00195         extern  _CMCON
  0000                00196         extern  _CVRCON
  0000                00197         extern  _CCP1AS
  0000                00198         extern  _ECCP1AS
  0000                00199         extern  _CCP1DEL
  0000                00200         extern  _ECCP1DEL
  0000                00201         extern  _BAUDCON
  0000                00202         extern  _BAUDCTL
  0000                00203         extern  _CCP2CON
  0000                00204         extern  _CCPR2
  0000                00205         extern  _CCPR2L
  0000                00206         extern  _CCPR2H
  0000                00207         extern  _CCP1CON
  0000                00208         extern  _ECCP1CON
  0000                00209         extern  _CCPR1
  0000                00210         extern  _CCPR1L
  0000                00211         extern  _CCPR1H
  0000                00212         extern  _ADCON2
gpasm-1.2.0 #980 (Jun  5 2013) build/default/   12-5-2013  11:22:28         PAGE  5


LOC  OBJECT CODE     LINE SOURCE TEXT
  VALUE

  0000                00213         extern  _ADCON1
  0000                00214         extern  _ADCON0
  0000                00215         extern  _ADRES
  0000                00216         extern  _ADRESL
  0000                00217         extern  _ADRESH
  0000                00218         extern  _SSPCON2
  0000                00219         extern  _SSPCON1
  0000                00220         extern  _SSPSTAT
  0000                00221         extern  _SSPADD
  0000                00222         extern  _SSPBUF
  0000                00223         extern  _T2CON
  0000                00224         extern  _PR2
  0000                00225         extern  _TMR2
  0000                00226         extern  _T1CON
  0000                00227         extern  _TMR1
  0000                00228         extern  _TMR1L
  0000                00229         extern  _TMR1H
  0000                00230         extern  _RCON
  0000                00231         extern  _WDTCON
  0000                00232         extern  _HLVDCON
  0000                00233         extern  _LVDCON
  0000                00234         extern  _OSCCON
  0000                00235         extern  _T0CON
  0000                00236         extern  _TMR0
  0000                00237         extern  _TMR0L
  0000                00238         extern  _TMR0H
  0000                00239         extern  _STATUS
  0000                00240         extern  _FSR2L
  0000                00241         extern  _FSR2H
  0000                00242         extern  _PLUSW2
  0000                00243         extern  _PREINC2
  0000                00244         extern  _POSTDEC2
  0000                00245         extern  _POSTINC2
  0000                00246         extern  _INDF2
  0000                00247         extern  _BSR
  0000                00248         extern  _FSR1L
  0000                00249         extern  _FSR1H
  0000                00250         extern  _PLUSW1
  0000                00251         extern  _PREINC1
  0000                00252         extern  _POSTDEC1
  0000                00253         extern  _POSTINC1
  0000                00254         extern  _INDF1
  0000                00255         extern  _WREG
  0000                00256         extern  _FSR0L
  0000                00257         extern  _FSR0H
  0000                00258         extern  _PLUSW0
  0000                00259         extern  _PREINC0
  0000                00260         extern  _POSTDEC0
  0000                00261         extern  _POSTINC0
  0000                00262         extern  _INDF0
  0000                00263         extern  _INTCON3
  0000                00264         extern  _INTCON2
  0000                00265         extern  _INTCON
gpasm-1.2.0 #980 (Jun  5 2013) build/default/   12-5-2013  11:22:28         PAGE  6


LOC  OBJECT CODE     LINE SOURCE TEXT
  VALUE

  0000                00266         extern  _PROD
  0000                00267         extern  _PRODL
  0000                00268         extern  _PRODH
  0000                00269         extern  _TABLAT
  0000                00270         extern  _TBLPTR
  0000                00271         extern  _TBLPTRL
  0000                00272         extern  _TBLPTRH
  0000                00273         extern  _TBLPTRU
  0000                00274         extern  _PC
  0000                00275         extern  _PCL
  0000                00276         extern  _PCLATH
  0000                00277         extern  _PCLATU
  0000                00278         extern  _STKPTR
  0000                00279         extern  _TOS
  0000                00280         extern  _TOSL
  0000                00281         extern  _TOSH
  0000                00282         extern  _TOSU
                      00283 
                      00284 ;--------------------------------------------------------
                      00285 ;       Equates to used internal registers
                      00286 ;--------------------------------------------------------
  00000FD8            00287 STATUS  equ     0xfd8
  00000FFA            00288 PCLATH  equ     0xffa
  00000FFB            00289 PCLATU  equ     0xffb
  00000FE8            00290 WREG    equ     0xfe8
  00000FE0            00291 BSR     equ     0xfe0
  00000FE9            00292 FSR0L   equ     0xfe9
  00000FEA            00293 FSR0H   equ     0xfea
  00000FE1            00294 FSR1L   equ     0xfe1
  00000FD9            00295 FSR2L   equ     0xfd9
  00000FEF            00296 INDF0   equ     0xfef
  00000FE5            00297 POSTDEC1        equ     0xfe5
  00000FE4            00298 PREINC1 equ     0xfe4
  00000FF3            00299 PRODL   equ     0xff3
  00000FF4            00300 PRODH   equ     0xff4
                      00301 
                      00302 
                      00303         idata
000000 00 00 00 00    00304 _system_time_up db      0x00, 0x00, 0x00, 0x00
000004 61 F8          00305 _ciclos db      0x61, 0xf8
000006 00 00 00       00306 _ret    db      0x00, 0x00, 0x00
000009 00 00 00       00307 _comando        db      0x00, 0x00, 0x00
00000C 00             00308 _ended  db      0x00
00000D 00             00309 _started        db      0x00
00000E 00             00310 _overflow       db      0x00
                      00311 
                      00312 
                      00313 ; Internal registers
                      00314 .registers      udata_ovr       0x0000
000000                00315 r0x00   res     1
000001                00316 r0x01   res     1
                      00317 
                      00318 udata_timer_0   udata
gpasm-1.2.0 #980 (Jun  5 2013) build/default/   12-5-2013  11:22:28         PAGE  7


LOC  OBJECT CODE     LINE SOURCE TEXT
  VALUE

000000                00319 _in_char        res     1
                      00320 
                      00321 udata_timer_1   udata
000000                00322 _index  res     1
                      00323 
                      00324 udata_timer_2   udata
000000                00325 _in_data        res     40
                      00326 
                      00327 ;--------------------------------------------------------
                      00328 ; global & static initialisations
                      00329 ;--------------------------------------------------------
                      00330 ; ; Starting pCode block for absolute section
                      00331 ; ;-----------------------------------------
                      00332 S_timer_ivec_0x1_Int_timer_0    code    0X000008
000008                00333 ivec_0x1_Int_timer_0:
000008 EF00 F000      00334         GOTO    _Int_timer_0
                      00335 
                      00336 ; I code from now on!
                      00337 ; ; Starting pCode block
                      00338 S_timer__inicializa_timer       code
000000                00339 _inicializa_timer:
                      00340 ;       .line   77; timer.c     void inicializa_timer(void)
000000 CFD9 FFE5      00341         MOVFF   FSR2L, POSTDEC1
000004 CFE1 FFD9      00342         MOVFF   FSR1L, FSR2L
000008 C??? F???      00343         MOVFF   r0x00, POSTDEC1
00000C C??? F???      00344         MOVFF   r0x01, POSTDEC1
000010 ????           00345         BANKSEL (_ciclos + 1)
                      00346 ;       .line   83; timer.c     TMR0H = (ciclos >> 8); //salva a parte alta
000012 51??           00347         MOVF    (_ciclos + 1), W, B
000014 6E??           00348         MOVWF   r0x00
000016 6A??           00349         CLRF    r0x01
000018 50??           00350         MOVF    r0x00, W
00001A 6E??           00351         MOVWF   _TMR0H
00001C ????           00352         BANKSEL _ciclos
                      00353 ;       .line   84; timer.c     TMR0L = (ciclos & 0x00FF); // salva a parte baixa
00001E 51??           00354         MOVF    _ciclos, W, B
000020 6E??           00355         MOVWF   r0x00
000022 6A??           00356         CLRF    r0x01
000024 50??           00357         MOVF    r0x00, W
000026 6E??           00358         MOVWF   _TMR0L
                      00359 ;       .line   86; timer.c     T0CON = 0b00001000; //configura timer 0 sem prescaler
000028 0E08           00360         MOVLW   0x08
00002A 6E??           00361         MOVWF   _T0CON
                      00362 ;       .line   87; timer.c     bit_set(T0CON, 7); //liga o timer 0
00002C 8E??           00363         BSF     _T0CON, 7
                      00364 ;       .line   90; timer.c     bit_clr(RCON, 7);
00002E 50??           00365         MOVF    _RCON, W
000030 6E??           00366         MOVWF   r0x00
000032 0E7F           00367         MOVLW   0x7f
000034 14??           00368         ANDWF   r0x00, W
000036 6E??           00369         MOVWF   _RCON
                      00370 ;       .line   91; timer.c     bit_set(INTCON, 5);
000038 8A??           00371         BSF     _INTCON, 5
gpasm-1.2.0 #980 (Jun  5 2013) build/default/   12-5-2013  11:22:28         PAGE  8


LOC  OBJECT CODE     LINE SOURCE TEXT
  VALUE

                      00372 ;       .line   92; timer.c     bit_set(INTCON, 7);
00003A 8E??           00373         BSF     _INTCON, 7
                      00374 ;       .line   93; timer.c     bit_set(INTCON, 6);
00003C 8C??           00375         BSF     _INTCON, 6
                      00376 ;       .line   94; timer.c     bit_clr(INTCON, 2); //limpa a flag de overflow
00003E 50??           00377         MOVF    _INTCON, W
000040 6E??           00378         MOVWF   r0x00
000042 0EFB           00379         MOVLW   0xfb
000044 14??           00380         ANDWF   r0x00, W
000046 6E??           00381         MOVWF   _INTCON
000048 CFE4 F000      00382         MOVFF   PREINC1, r0x01
00004C CFE4 F000      00383         MOVFF   PREINC1, r0x00
000050 CFE4 FFD9      00384         MOVFF   PREINC1, FSR2L
000054 0012           00385         RETURN  
                      00386 
                      00387 ; ; Starting pCode block
                      00388 S_timer__recebe_comando code
000000                00389 _recebe_comando:
                      00390 ;       .line   58; timer.c     char *recebe_comando()
000000 CFD9 FFE5      00391         MOVFF   FSR2L, POSTDEC1
000004 CFE1 FFD9      00392         MOVFF   FSR1L, FSR2L
000008 ????           00393         BANKSEL _ret
                      00394 ;       .line   60; timer.c     ret = 0;
00000A 6B??           00395         CLRF    _ret, B
00000C ????           00396         BANKSEL (_ret + 1)
00000E 6B??           00397         CLRF    (_ret + 1), B
000010 ????           00398         BANKSEL (_ret + 2)
000012 6B??           00399         CLRF    (_ret + 2), B
000014 ????           00400         BANKSEL _started
                      00401 ;       .line   61; timer.c     if (started && ended) {
000016 51??           00402         MOVF    _started, W, B
000018 E0??           00403         BZ      _00160_DS_
00001A ????           00404         BANKSEL _ended
00001C 51??           00405         MOVF    _ended, W, B
00001E E0??           00406         BZ      _00160_DS_
000020 ????           00407         BANKSEL _index
                      00408 ;       .line   62; timer.c     index = 0;
000022 6B??           00409         CLRF    _index, B
000024 ????           00410         BANKSEL _started
                      00411 ;       .line   63; timer.c     started = 0;
000026 6B??           00412         CLRF    _started, B
000028 ????           00413         BANKSEL _ended
                      00414 ;       .line   64; timer.c     ended = 0;
00002A 6B??           00415         CLRF    _ended, B
                      00416 ;       .line   65; timer.c     ret = in_data;
00002C 0E??           00417         MOVLW   HIGH(_in_data)
00002E ????           00418         BANKSEL (_ret + 1)
000030 6F??           00419         MOVWF   (_ret + 1), B
000032 0E??           00420         MOVLW   LOW(_in_data)
000034 ????           00421         BANKSEL _ret
000036 6F??           00422         MOVWF   _ret, B
000038 0E80           00423         MOVLW   0x80
00003A ????           00424         BANKSEL (_ret + 2)
gpasm-1.2.0 #980 (Jun  5 2013) build/default/   12-5-2013  11:22:28         PAGE  9


LOC  OBJECT CODE     LINE SOURCE TEXT
  VALUE

00003C 6F??           00425         MOVWF   (_ret + 2), B
00003E D???           00426         BRA     _00161_DS_
000040                00427 _00160_DS_:
000040 ????           00428         BANKSEL _overflow
                      00429 ;       .line   68; timer.c     } else if (overflow) {
000042 51??           00430         MOVF    _overflow, W, B
000044 E0??           00431         BZ      _00161_DS_
000046 ????           00432         BANKSEL _ended
                      00433 ;       .line   69; timer.c     ended = 0;
000048 6B??           00434         CLRF    _ended, B
00004A ????           00435         BANKSEL _started
                      00436 ;       .line   70; timer.c     started = 0;
00004C 6B??           00437         CLRF    _started, B
00004E ????           00438         BANKSEL _overflow
                      00439 ;       .line   71; timer.c     overflow = 0;
000050 6B??           00440         CLRF    _overflow, B
000052 ????           00441         BANKSEL _ret
                      00442 ;       .line   72; timer.c     ret = 0;
000054 6B??           00443         CLRF    _ret, B
000056 ????           00444         BANKSEL (_ret + 1)
000058 6B??           00445         CLRF    (_ret + 1), B
00005A ????           00446         BANKSEL (_ret + 2)
00005C 6B??           00447         CLRF    (_ret + 2), B
00005E                00448 _00161_DS_:
                      00449 ;       .line   74; timer.c     return ret;
00005E C??? F???      00450         MOVFF   (_ret + 2), PRODH
000062 C??? F???      00451         MOVFF   (_ret + 1), PRODL
000066 ????           00452         BANKSEL _ret
000068 51??           00453         MOVF    _ret, W, B
00006A CFE4 FFD9      00454         MOVFF   PREINC1, FSR2L
00006E 0012           00455         RETURN  
                      00456 
                      00457 ; ; Starting pCode block
                      00458 S_timer__Int_timer_0    code
000000                00459 _Int_timer_0:
                      00460 ;       .line   29; timer.c     void Int_timer_0(void) __interrupt(1)
000000 CFD8 FFE5      00461         MOVFF   STATUS, POSTDEC1
000004 CFE0 FFE5      00462         MOVFF   BSR, POSTDEC1
000008 6EE5           00463         MOVWF   POSTDEC1
00000A CFF3 FFE5      00464         MOVFF   PRODL, POSTDEC1
00000E CFF4 FFE5      00465         MOVFF   PRODH, POSTDEC1
000012 CFE9 FFE5      00466         MOVFF   FSR0L, POSTDEC1
000016 CFEA FFE5      00467         MOVFF   FSR0H, POSTDEC1
00001A CFFA FFE5      00468         MOVFF   PCLATH, POSTDEC1
00001E CFFB FFE5      00469         MOVFF   PCLATU, POSTDEC1
000022 CFD9 FFE5      00470         MOVFF   FSR2L, POSTDEC1
000026 CFE1 FFD9      00471         MOVFF   FSR1L, FSR2L
00002A C??? F???      00472         MOVFF   r0x00, POSTDEC1
00002E C??? F???      00473         MOVFF   r0x01, POSTDEC1
                      00474 ;       .line   31; timer.c     if (bit_tst(INTCON, 2)) {
000032 50??           00475         MOVF    _INTCON, W
000034 0B04           00476         ANDLW   0x04
000036 A4D8           00477         BTFSS   STATUS, 2
gpasm-1.2.0 #980 (Jun  5 2013) build/default/   12-5-2013  11:22:28         PAGE 10


LOC  OBJECT CODE     LINE SOURCE TEXT
  VALUE

000038 0E01           00478         MOVLW   0x01
00003A 6E??           00479         MOVWF   r0x00
00003C 50??           00480         MOVF    r0x00, W
00003E E0??           00481         BZ      _00111_DS_
000040 ????           00482         BANKSEL (_ciclos + 1)
                      00483 ;       .line   32; timer.c     TMR0H = (ciclos >> 8); //salva a parte alta
000042 51??           00484         MOVF    (_ciclos + 1), W, B
000044 6E??           00485         MOVWF   r0x00
000046 6A??           00486         CLRF    r0x01
000048 50??           00487         MOVF    r0x00, W
00004A 6E??           00488         MOVWF   _TMR0H
00004C ????           00489         BANKSEL _ciclos
                      00490 ;       .line   33; timer.c     TMR0L = (ciclos & 0x00FF); // salva a parte baixa
00004E 51??           00491         MOVF    _ciclos, W, B
000050 6E??           00492         MOVWF   r0x00
000052 6A??           00493         CLRF    r0x01
000054 50??           00494         MOVF    r0x00, W
000056 6E??           00495         MOVWF   _TMR0L
000058 ????           00496         BANKSEL _system_time_up
                      00497 ;       .line   34; timer.c     system_time_up++;
00005A 2B??           00498         INCF    _system_time_up, F, B
00005C E3??           00499         BNC     _00146_DS_
00005E ????           00500         BANKSEL (_system_time_up + 1)
000060 2B??           00501         INCF    (_system_time_up + 1), F, B
000062 E3??           00502         BNC     _00146_DS_
000064 ????           00503         BANKSEL (_system_time_up + 2)
000066 3F??           00504         INCFSZ  (_system_time_up + 2), F, B
000068 D???           00505         BRA     _10168_DS_
00006A ????           00506         BANKSEL (_system_time_up + 3)
00006C 2B??           00507         INCF    (_system_time_up + 3), F, B
00006E                00508 _10168_DS_:
00006E                00509 _00146_DS_:
                      00510 ;       .line   35; timer.c     bit_clr(INTCON, 2);
00006E 50??           00511         MOVF    _INTCON, W
000070 6E??           00512         MOVWF   r0x00
000072 0EFB           00513         MOVLW   0xfb
000074 14??           00514         ANDWF   r0x00, W
000076 6E??           00515         MOVWF   _INTCON
000078                00516 _00111_DS_:
                      00517 ;       .line   38; timer.c     if (bit_tst(PIR1, 5)) {
000078 50??           00518         MOVF    _PIR1, W
00007A 0B20           00519         ANDLW   0x20
00007C A4D8           00520         BTFSS   STATUS, 2
00007E 0E01           00521         MOVLW   0x01
000080 6E??           00522         MOVWF   r0x00
000082 50??           00523         MOVF    r0x00, W
000084 B4D8           00524         BTFSC   STATUS, 2
000086 D???           00525         BRA     _00125_DS_
                      00526 ;       .line   39; timer.c     in_char = RCREG;
000088 C??? F???      00527         MOVFF   _RCREG, _in_char
00008C ????           00528         BANKSEL _ended
                      00529 ;       .line   40; timer.c     if (!ended) {
00008E 51??           00530         MOVF    _ended, W, B
gpasm-1.2.0 #980 (Jun  5 2013) build/default/   12-5-2013  11:22:28         PAGE 11


LOC  OBJECT CODE     LINE SOURCE TEXT
  VALUE

000090 A4D8           00531         BTFSS   STATUS, 2
000092 D???           00532         BRA     _00125_DS_
000094 ????           00533         BANKSEL _in_char
                      00534 ;       .line   41; timer.c     if (in_char == SOP) {
000096 51??           00535         MOVF    _in_char, W, B
000098 0A3C           00536         XORLW   0x3c
00009A E1??           00537         BNZ     _00119_DS_
00009C                00538 _00149_DS_:
00009C ????           00539         BANKSEL _index
                      00540 ;       .line   42; timer.c     index = 0;
00009E 6B??           00541         CLRF    _index, B
0000A0 ????           00542         BANKSEL _in_data
                      00543 ;       .line   43; timer.c     in_data[index] = '\0';
0000A2 6B??           00544         CLRF    _in_data, B
                      00545 ;       .line   44; timer.c     started = true;
0000A4 0E01           00546         MOVLW   0x01
0000A6 ????           00547         BANKSEL _started
0000A8 6F??           00548         MOVWF   _started, B
0000AA D???           00549         BRA     _00125_DS_
0000AC                00550 _00119_DS_:
0000AC ????           00551         BANKSEL _in_char
                      00552 ;       .line   45; timer.c     } else if (in_char == EOP) {
0000AE 51??           00553         MOVF    _in_char, W, B
0000B0 0A3E           00554         XORLW   0x3e
0000B2 E1??           00555         BNZ     _00116_DS_
                      00556 ;       .line   46; timer.c     ended = true;
0000B4 0E01           00557         MOVLW   0x01
0000B6 ????           00558         BANKSEL _ended
0000B8 6F??           00559         MOVWF   _ended, B
0000BA D???           00560         BRA     _00125_DS_
0000BC                00561 _00116_DS_:
                      00562 ;       .line   47; timer.c     } else if (index < BUFFER_SIZE) {
0000BC 0E28           00563         MOVLW   0x28
0000BE ????           00564         BANKSEL _index
0000C0 5D??           00565         SUBWF   _index, W, B
0000C2 E2??           00566         BC      _00113_DS_
                      00567 ;       .line   48; timer.c     in_data[index] = in_char;
0000C4 0E??           00568         MOVLW   LOW(_in_data)
0000C6 ????           00569         BANKSEL _index
0000C8 25??           00570         ADDWF   _index, W, B
0000CA 6E??           00571         MOVWF   r0x00
0000CC 6A??           00572         CLRF    r0x01
0000CE 0E??           00573         MOVLW   HIGH(_in_data)
0000D0 22??           00574         ADDWFC  r0x01, F
0000D2 C??? F???      00575         MOVFF   r0x00, FSR0L
0000D6 C??? F???      00576         MOVFF   r0x01, FSR0H
0000DA C??? F???      00577         MOVFF   _in_char, INDF0
0000DE ????           00578         BANKSEL _index
                      00579 ;       .line   49; timer.c     index++;
0000E0 2B??           00580         INCF    _index, F, B
                      00581 ;       .line   50; timer.c     in_data[index] = '\0';
0000E2 0E??           00582         MOVLW   LOW(_in_data)
0000E4 ????           00583         BANKSEL _index
gpasm-1.2.0 #980 (Jun  5 2013) build/default/   12-5-2013  11:22:28         PAGE 12


LOC  OBJECT CODE     LINE SOURCE TEXT
  VALUE

0000E6 25??           00584         ADDWF   _index, W, B
0000E8 6E??           00585         MOVWF   r0x00
0000EA 6A??           00586         CLRF    r0x01
0000EC 0E??           00587         MOVLW   HIGH(_in_data)
0000EE 22??           00588         ADDWFC  r0x01, F
0000F0 C??? F???      00589         MOVFF   r0x00, FSR0L
0000F4 C??? F???      00590         MOVFF   r0x01, FSR0H
0000F8 0E00           00591         MOVLW   0x00
0000FA 6EEF           00592         MOVWF   INDF0
0000FC D???           00593         BRA     _00125_DS_
0000FE                00594 _00113_DS_:
                      00595 ;       .line   52; timer.c     overflow = true;
0000FE 0E01           00596         MOVLW   0x01
000100 ????           00597         BANKSEL _overflow
000102 6F??           00598         MOVWF   _overflow, B
000104                00599 _00125_DS_:
000104 CFE4 F000      00600         MOVFF   PREINC1, r0x01
000108 CFE4 F000      00601         MOVFF   PREINC1, r0x00
00010C CFE4 FFD9      00602         MOVFF   PREINC1, FSR2L
000110 CFE4 FFFB      00603         MOVFF   PREINC1, PCLATU
000114 CFE4 FFFA      00604         MOVFF   PREINC1, PCLATH
000118 CFE4 FFEA      00605         MOVFF   PREINC1, FSR0H
00011C CFE4 FFE9      00606         MOVFF   PREINC1, FSR0L
000120 CFE4 FFF4      00607         MOVFF   PREINC1, PRODH
000124 CFE4 FFF3      00608         MOVFF   PREINC1, PRODL
000128 50E4           00609         MOVF    PREINC1, W
00012A CFE4 FFE0      00610         MOVFF   PREINC1, BSR
00012E CFE4 FFD8      00611         MOVFF   PREINC1, STATUS
000132 0010           00612         RETFIE  
                      00613 
                      00614 ; ; Starting pCode block
                      00615 S_timer__milis  code
000000                00616 _milis:
                      00617 ;       .line   24; timer.c     unsigned long milis()
000000 CFD9 FFE5      00618         MOVFF   FSR2L, POSTDEC1
000004 CFE1 FFD9      00619         MOVFF   FSR1L, FSR2L
                      00620 ;       .line   26; timer.c     return system_time_up;
000008 C??? F???      00621         MOVFF   (_system_time_up + 3), FSR0L
00000C C??? F???      00622         MOVFF   (_system_time_up + 2), PRODH
000010 C??? F???      00623         MOVFF   (_system_time_up + 1), PRODL
000014 ????           00624         BANKSEL _system_time_up
000016 51??           00625         MOVF    _system_time_up, W, B
000018 CFE4 FFD9      00626         MOVFF   PREINC1, FSR2L
00001C 0012           00627         RETURN  
                      00628 
                      00629 
                      00630 
                      00631 ; Statistics:
                      00632 ; code size:      538 (0x021a) bytes ( 0.41%)
                      00633 ;                 269 (0x010d) words
                      00634 ; udata size:      42 (0x002a) bytes ( 2.34%)
                      00635 ; access size:      2 (0x0002) bytes
                      00636 
gpasm-1.2.0 #980 (Jun  5 2013) build/default/   12-5-2013  11:22:28         PAGE 13


LOC  OBJECT CODE     LINE SOURCE TEXT
  VALUE

                      00637 
                      00638         end
gpasm-1.2.0 #980 (Jun  5 2013) build/default/   12-5-2013  11:22:28         PAGE 14


SYMBOL TABLE
  LABEL                             VALUE

BSR                               00000FE0
FSR0H                             00000FEA
FSR0L                             00000FE9
FSR1L                             00000FE1
FSR2L                             00000FD9
INDF0                             00000FEF
PCLATH                            00000FFA
PCLATU                            00000FFB
POSTDEC1                          00000FE5
PREINC1                           00000FE4
PRODH                             00000FF4
PRODL                             00000FF3
STATUS                            00000FD8
WREG                              00000FE8
_00111_DS_                        00000078
_00113_DS_                        000000FE
_00116_DS_                        000000BC
_00119_DS_                        000000AC
_00125_DS_                        00000104
_00146_DS_                        0000006E
_00149_DS_                        0000009C
_00160_DS_                        00000040
_00161_DS_                        0000005E
_10168_DS_                        0000006E
_ADCON0                           00000000
_ADCON0bits                       00000000
_ADCON1                           00000000
_ADCON1bits                       00000000
_ADCON2                           00000000
_ADCON2bits                       00000000
_ADRES                            00000000
_ADRESH                           00000000
_ADRESL                           00000000
_BAUDCON                          00000000
_BAUDCONbits                      00000000
_BAUDCTL                          00000000
_BAUDCTLbits                      00000000
_BSR                              00000000
_CCP1AS                           00000000
_CCP1ASbits                       00000000
_CCP1CON                          00000000
_CCP1CONbits                      00000000
_CCP1DEL                          00000000
_CCP1DELbits                      00000000
_CCP2CON                          00000000
_CCP2CONbits                      00000000
_CCPR1                            00000000
_CCPR1H                           00000000
_CCPR1L                           00000000
_CCPR2                            00000000
_CCPR2H                           00000000
_CCPR2L                           00000000
_CMCON                            00000000
gpasm-1.2.0 #980 (Jun  5 2013) build/default/   12-5-2013  11:22:28         PAGE 15


SYMBOL TABLE
  LABEL                             VALUE 

_CMCONbits                        00000000
_CVRCON                           00000000
_CVRCONbits                       00000000
_DDRA                             00000000
_DDRAbits                         00000000
_DDRB                             00000000
_DDRBbits                         00000000
_DDRC                             00000000
_DDRCbits                         00000000
_DDRD                             00000000
_DDRDbits                         00000000
_DDRE                             00000000
_DDREbits                         00000000
_ECCP1AS                          00000000
_ECCP1ASbits                      00000000
_ECCP1CON                         00000000
_ECCP1CONbits                     00000000
_ECCP1DEL                         00000000
_ECCP1DELbits                     00000000
_EEADR                            00000000
_EECON1                           00000000
_EECON1bits                       00000000
_EECON2                           00000000
_EEDATA                           00000000
_FSR0H                            00000000
_FSR0L                            00000000
_FSR1H                            00000000
_FSR1L                            00000000
_FSR2H                            00000000
_FSR2L                            00000000
_HLVDCON                          00000000
_HLVDCONbits                      00000000
_INDF0                            00000000
_INDF1                            00000000
_INDF2                            00000000
_INTCON                           00000000
_INTCON2                          00000000
_INTCON2bits                      00000000
_INTCON3                          00000000
_INTCON3bits                      00000000
_INTCONbits                       00000000
_IPR1                             00000000
_IPR1bits                         00000000
_IPR2                             00000000
_IPR2bits                         00000000
_Int_timer_0                      00000000
_LATA                             00000000
_LATAbits                         00000000
_LATB                             00000000
_LATBbits                         00000000
_LATC                             00000000
_LATCbits                         00000000
_LATD                             00000000
gpasm-1.2.0 #980 (Jun  5 2013) build/default/   12-5-2013  11:22:28         PAGE 16


SYMBOL TABLE
  LABEL                             VALUE 

_LATDbits                         00000000
_LATE                             00000000
_LATEbits                         00000000
_LVDCON                           00000000
_LVDCONbits                       00000000
_OSCCON                           00000000
_OSCCONbits                       00000000
_OSCTUNE                          00000000
_OSCTUNEbits                      00000000
_PC                               00000000
_PCL                              00000000
_PCLATH                           00000000
_PCLATU                           00000000
_PIE1                             00000000
_PIE1bits                         00000000
_PIE2                             00000000
_PIE2bits                         00000000
_PIR1                             00000000
_PIR1bits                         00000000
_PIR2                             00000000
_PIR2bits                         00000000
_PLUSW0                           00000000
_PLUSW1                           00000000
_PLUSW2                           00000000
_PORTA                            00000000
_PORTAbits                        00000000
_PORTB                            00000000
_PORTBbits                        00000000
_PORTC                            00000000
_PORTCbits                        00000000
_PORTD                            00000000
_PORTDbits                        00000000
_PORTE                            00000000
_PORTEbits                        00000000
_POSTDEC0                         00000000
_POSTDEC1                         00000000
_POSTDEC2                         00000000
_POSTINC0                         00000000
_POSTINC1                         00000000
_POSTINC2                         00000000
_PR2                              00000000
_PREINC0                          00000000
_PREINC1                          00000000
_PREINC2                          00000000
_PROD                             00000000
_PRODH                            00000000
_PRODL                            00000000
_RCON                             00000000
_RCONbits                         00000000
_RCREG                            00000000
_RCSTA                            00000000
_RCSTAbits                        00000000
_SPBRG                            00000000
gpasm-1.2.0 #980 (Jun  5 2013) build/default/   12-5-2013  11:22:28         PAGE 17


SYMBOL TABLE
  LABEL                             VALUE 

_SPBRGH                           00000000
_SPPCFG                           00000000
_SPPCFGbits                       00000000
_SPPCON                           00000000
_SPPCONbits                       00000000
_SPPDATA                          00000000
_SPPEPS                           00000000
_SPPEPSbits                       00000000
_SSPADD                           00000000
_SSPBUF                           00000000
_SSPCON1                          00000000
_SSPCON1bits                      00000000
_SSPCON2                          00000000
_SSPCON2bits                      00000000
_SSPSTAT                          00000000
_SSPSTATbits                      00000000
_STATUS                           00000000
_STATUSbits                       00000000
_STKPTR                           00000000
_STKPTRbits                       00000000
_T0CON                            00000000
_T0CONbits                        00000000
_T1CON                            00000000
_T1CONbits                        00000000
_T2CON                            00000000
_T2CONbits                        00000000
_T3CON                            00000000
_T3CONbits                        00000000
_TABLAT                           00000000
_TBLPTR                           00000000
_TBLPTRH                          00000000
_TBLPTRL                          00000000
_TBLPTRU                          00000000
_TMR0                             00000000
_TMR0H                            00000000
_TMR0L                            00000000
_TMR1                             00000000
_TMR1H                            00000000
_TMR1L                            00000000
_TMR2                             00000000
_TMR3                             00000000
_TMR3H                            00000000
_TMR3L                            00000000
_TOS                              00000000
_TOSH                             00000000
_TOSL                             00000000
_TOSU                             00000000
_TRISA                            00000000
_TRISAbits                        00000000
_TRISB                            00000000
_TRISBbits                        00000000
_TRISC                            00000000
_TRISCbits                        00000000
gpasm-1.2.0 #980 (Jun  5 2013) build/default/   12-5-2013  11:22:28         PAGE 18


SYMBOL TABLE
  LABEL                             VALUE 

_TRISD                            00000000
_TRISDbits                        00000000
_TRISE                            00000000
_TRISEbits                        00000000
_TXREG                            00000000
_TXSTA                            00000000
_TXSTAbits                        00000000
_UADDR                            00000000
_UADDRbits                        00000000
_UCFG                             00000000
_UCFGbits                         00000000
_UCON                             00000000
_UCONbits                         00000000
_UEIE                             00000000
_UEIEbits                         00000000
_UEIR                             00000000
_UEIRbits                         00000000
_UEP0                             00000000
_UEP0bits                         00000000
_UEP1                             00000000
_UEP10                            00000000
_UEP10bits                        00000000
_UEP11                            00000000
_UEP11bits                        00000000
_UEP12                            00000000
_UEP12bits                        00000000
_UEP13                            00000000
_UEP13bits                        00000000
_UEP14                            00000000
_UEP14bits                        00000000
_UEP15                            00000000
_UEP15bits                        00000000
_UEP1bits                         00000000
_UEP2                             00000000
_UEP2bits                         00000000
_UEP3                             00000000
_UEP3bits                         00000000
_UEP4                             00000000
_UEP4bits                         00000000
_UEP5                             00000000
_UEP5bits                         00000000
_UEP6                             00000000
_UEP6bits                         00000000
_UEP7                             00000000
_UEP7bits                         00000000
_UEP8                             00000000
_UEP8bits                         00000000
_UEP9                             00000000
_UEP9bits                         00000000
_UFRM                             00000000
_UFRMH                            00000000
_UFRMHbits                        00000000
_UFRML                            00000000
gpasm-1.2.0 #980 (Jun  5 2013) build/default/   12-5-2013  11:22:28         PAGE 19


SYMBOL TABLE
  LABEL                             VALUE 

_UFRMLbits                        00000000
_UIE                              00000000
_UIEbits                          00000000
_UIR                              00000000
_UIRbits                          00000000
_USTAT                            00000000
_USTATbits                        00000000
_WDTCON                           00000000
_WDTCONbits                       00000000
_WREG                             00000000
__18F4550                         00000001
_ciclos                           00000004
_comando                          00000009
_ended                            0000000C
_in_char                          00000000
_in_data                          00000000
_index                            00000000
_inicializa_timer                 00000000
_milis                            00000000
_overflow                         0000000E
_recebe_comando                   00000000
_ret                              00000006
_started                          0000000D
_system_time_up                   00000000
ivec_0x1_Int_timer_0              00000008
r0x00                             00000000
r0x01                             00000001

Errors   :     0
Warnings :     0 reported,     0 suppressed
Messages :     0 reported,     0 suppressed

