gpasm-1.2.0 #980 (Jun  5 2013) build/default/   12-5-2013  11:22:26         PAGE  1


LOC  OBJECT CODE     LINE SOURCE TEXT
  VALUE

                      00001 ;--------------------------------------------------------
                      00002 ; File Created by SDCC : free open source ANSI-C Compiler
                      00003 ; Version 3.3.0 #8604 (May 11 2013) (Linux)
                      00004 ; This file was generated Thu Dec  5 11:22:26 2013
                      00005 ;--------------------------------------------------------
                      00006 ; PIC16 port for the Microchip 16-bit core micros
                      00007 ;--------------------------------------------------------
                      00008         list    p=18f4550
                      00009         radix   dec
                      00010 
                      00011 
                      00012 ;--------------------------------------------------------
                      00013 ; public variables in this module
                      00014 ;--------------------------------------------------------
  0000                00015         global  _verifica_alarme
                      00016 
                      00017 ;--------------------------------------------------------
                      00018 ; extern variables in this module
                      00019 ;--------------------------------------------------------
  0000                00020         extern  _SPPCFGbits
  0000                00021         extern  _SPPEPSbits
  0000                00022         extern  _SPPCONbits
  0000                00023         extern  _UFRMLbits
  0000                00024         extern  _UFRMHbits
  0000                00025         extern  _UIRbits
  0000                00026         extern  _UIEbits
  0000                00027         extern  _UEIRbits
  0000                00028         extern  _UEIEbits
  0000                00029         extern  _USTATbits
  0000                00030         extern  _UCONbits
  0000                00031         extern  _UADDRbits
  0000                00032         extern  _UCFGbits
  0000                00033         extern  _UEP0bits
  0000                00034         extern  _UEP1bits
  0000                00035         extern  _UEP2bits
  0000                00036         extern  _UEP3bits
  0000                00037         extern  _UEP4bits
  0000                00038         extern  _UEP5bits
  0000                00039         extern  _UEP6bits
  0000                00040         extern  _UEP7bits
  0000                00041         extern  _UEP8bits
  0000                00042         extern  _UEP9bits
  0000                00043         extern  _UEP10bits
  0000                00044         extern  _UEP11bits
  0000                00045         extern  _UEP12bits
  0000                00046         extern  _UEP13bits
  0000                00047         extern  _UEP14bits
  0000                00048         extern  _UEP15bits
  0000                00049         extern  _PORTAbits
  0000                00050         extern  _PORTBbits
  0000                00051         extern  _PORTCbits
  0000                00052         extern  _PORTDbits
  0000                00053         extern  _PORTEbits
gpasm-1.2.0 #980 (Jun  5 2013) build/default/   12-5-2013  11:22:26         PAGE  2


LOC  OBJECT CODE     LINE SOURCE TEXT
  VALUE

  0000                00054         extern  _LATAbits
  0000                00055         extern  _LATBbits
  0000                00056         extern  _LATCbits
  0000                00057         extern  _LATDbits
  0000                00058         extern  _LATEbits
  0000                00059         extern  _DDRAbits
  0000                00060         extern  _TRISAbits
  0000                00061         extern  _DDRBbits
  0000                00062         extern  _TRISBbits
  0000                00063         extern  _DDRCbits
  0000                00064         extern  _TRISCbits
  0000                00065         extern  _DDRDbits
  0000                00066         extern  _TRISDbits
  0000                00067         extern  _DDREbits
  0000                00068         extern  _TRISEbits
  0000                00069         extern  _OSCTUNEbits
  0000                00070         extern  _PIE1bits
  0000                00071         extern  _PIR1bits
  0000                00072         extern  _IPR1bits
  0000                00073         extern  _PIE2bits
  0000                00074         extern  _PIR2bits
  0000                00075         extern  _IPR2bits
  0000                00076         extern  _EECON1bits
  0000                00077         extern  _RCSTAbits
  0000                00078         extern  _TXSTAbits
  0000                00079         extern  _T3CONbits
  0000                00080         extern  _CMCONbits
  0000                00081         extern  _CVRCONbits
  0000                00082         extern  _CCP1ASbits
  0000                00083         extern  _ECCP1ASbits
  0000                00084         extern  _CCP1DELbits
  0000                00085         extern  _ECCP1DELbits
  0000                00086         extern  _BAUDCONbits
  0000                00087         extern  _BAUDCTLbits
  0000                00088         extern  _CCP2CONbits
  0000                00089         extern  _CCP1CONbits
  0000                00090         extern  _ECCP1CONbits
  0000                00091         extern  _ADCON2bits
  0000                00092         extern  _ADCON1bits
  0000                00093         extern  _ADCON0bits
  0000                00094         extern  _SSPCON2bits
  0000                00095         extern  _SSPCON1bits
  0000                00096         extern  _SSPSTATbits
  0000                00097         extern  _T2CONbits
  0000                00098         extern  _T1CONbits
  0000                00099         extern  _RCONbits
  0000                00100         extern  _WDTCONbits
  0000                00101         extern  _HLVDCONbits
  0000                00102         extern  _LVDCONbits
  0000                00103         extern  _OSCCONbits
  0000                00104         extern  _T0CONbits
  0000                00105         extern  _STATUSbits
  0000                00106         extern  _INTCON3bits
gpasm-1.2.0 #980 (Jun  5 2013) build/default/   12-5-2013  11:22:26         PAGE  3


LOC  OBJECT CODE     LINE SOURCE TEXT
  VALUE

  0000                00107         extern  _INTCON2bits
  0000                00108         extern  _INTCONbits
  0000                00109         extern  _STKPTRbits
  0000                00110         extern  _sys_temp_min
  0000                00111         extern  _sys_temp_max
  0000                00112         extern  _sys_lumi_min
  0000                00113         extern  _sys_lumi_max
  0000                00114         extern  _sys_timer_pool
  0000                00115         extern  _temp
  0000                00116         extern  _lumi
  0000                00117         extern  _SPPDATA
  0000                00118         extern  _SPPCFG
  0000                00119         extern  _SPPEPS
  0000                00120         extern  _SPPCON
  0000                00121         extern  _UFRM
  0000                00122         extern  _UFRML
  0000                00123         extern  _UFRMH
  0000                00124         extern  _UIR
  0000                00125         extern  _UIE
  0000                00126         extern  _UEIR
  0000                00127         extern  _UEIE
  0000                00128         extern  _USTAT
  0000                00129         extern  _UCON
  0000                00130         extern  _UADDR
  0000                00131         extern  _UCFG
  0000                00132         extern  _UEP0
  0000                00133         extern  _UEP1
  0000                00134         extern  _UEP2
  0000                00135         extern  _UEP3
  0000                00136         extern  _UEP4
  0000                00137         extern  _UEP5
  0000                00138         extern  _UEP6
  0000                00139         extern  _UEP7
  0000                00140         extern  _UEP8
  0000                00141         extern  _UEP9
  0000                00142         extern  _UEP10
  0000                00143         extern  _UEP11
  0000                00144         extern  _UEP12
  0000                00145         extern  _UEP13
  0000                00146         extern  _UEP14
  0000                00147         extern  _UEP15
  0000                00148         extern  _PORTA
  0000                00149         extern  _PORTB
  0000                00150         extern  _PORTC
  0000                00151         extern  _PORTD
  0000                00152         extern  _PORTE
  0000                00153         extern  _LATA
  0000                00154         extern  _LATB
  0000                00155         extern  _LATC
  0000                00156         extern  _LATD
  0000                00157         extern  _LATE
  0000                00158         extern  _DDRA
  0000                00159         extern  _TRISA
gpasm-1.2.0 #980 (Jun  5 2013) build/default/   12-5-2013  11:22:26         PAGE  4


LOC  OBJECT CODE     LINE SOURCE TEXT
  VALUE

  0000                00160         extern  _DDRB
  0000                00161         extern  _TRISB
  0000                00162         extern  _DDRC
  0000                00163         extern  _TRISC
  0000                00164         extern  _DDRD
  0000                00165         extern  _TRISD
  0000                00166         extern  _DDRE
  0000                00167         extern  _TRISE
  0000                00168         extern  _OSCTUNE
  0000                00169         extern  _PIE1
  0000                00170         extern  _PIR1
  0000                00171         extern  _IPR1
  0000                00172         extern  _PIE2
  0000                00173         extern  _PIR2
  0000                00174         extern  _IPR2
  0000                00175         extern  _EECON1
  0000                00176         extern  _EECON2
  0000                00177         extern  _EEDATA
  0000                00178         extern  _EEADR
  0000                00179         extern  _RCSTA
  0000                00180         extern  _TXSTA
  0000                00181         extern  _TXREG
  0000                00182         extern  _RCREG
  0000                00183         extern  _SPBRG
  0000                00184         extern  _SPBRGH
  0000                00185         extern  _T3CON
  0000                00186         extern  _TMR3
  0000                00187         extern  _TMR3L
  0000                00188         extern  _TMR3H
  0000                00189         extern  _CMCON
  0000                00190         extern  _CVRCON
  0000                00191         extern  _CCP1AS
  0000                00192         extern  _ECCP1AS
  0000                00193         extern  _CCP1DEL
  0000                00194         extern  _ECCP1DEL
  0000                00195         extern  _BAUDCON
  0000                00196         extern  _BAUDCTL
  0000                00197         extern  _CCP2CON
  0000                00198         extern  _CCPR2
  0000                00199         extern  _CCPR2L
  0000                00200         extern  _CCPR2H
  0000                00201         extern  _CCP1CON
  0000                00202         extern  _ECCP1CON
  0000                00203         extern  _CCPR1
  0000                00204         extern  _CCPR1L
  0000                00205         extern  _CCPR1H
  0000                00206         extern  _ADCON2
  0000                00207         extern  _ADCON1
  0000                00208         extern  _ADCON0
  0000                00209         extern  _ADRES
  0000                00210         extern  _ADRESL
  0000                00211         extern  _ADRESH
  0000                00212         extern  _SSPCON2
gpasm-1.2.0 #980 (Jun  5 2013) build/default/   12-5-2013  11:22:26         PAGE  5


LOC  OBJECT CODE     LINE SOURCE TEXT
  VALUE

  0000                00213         extern  _SSPCON1
  0000                00214         extern  _SSPSTAT
  0000                00215         extern  _SSPADD
  0000                00216         extern  _SSPBUF
  0000                00217         extern  _T2CON
  0000                00218         extern  _PR2
  0000                00219         extern  _TMR2
  0000                00220         extern  _T1CON
  0000                00221         extern  _TMR1
  0000                00222         extern  _TMR1L
  0000                00223         extern  _TMR1H
  0000                00224         extern  _RCON
  0000                00225         extern  _WDTCON
  0000                00226         extern  _HLVDCON
  0000                00227         extern  _LVDCON
  0000                00228         extern  _OSCCON
  0000                00229         extern  _T0CON
  0000                00230         extern  _TMR0
  0000                00231         extern  _TMR0L
  0000                00232         extern  _TMR0H
  0000                00233         extern  _STATUS
  0000                00234         extern  _FSR2L
  0000                00235         extern  _FSR2H
  0000                00236         extern  _PLUSW2
  0000                00237         extern  _PREINC2
  0000                00238         extern  _POSTDEC2
  0000                00239         extern  _POSTINC2
  0000                00240         extern  _INDF2
  0000                00241         extern  _BSR
  0000                00242         extern  _FSR1L
  0000                00243         extern  _FSR1H
  0000                00244         extern  _PLUSW1
  0000                00245         extern  _PREINC1
  0000                00246         extern  _POSTDEC1
  0000                00247         extern  _POSTINC1
  0000                00248         extern  _INDF1
  0000                00249         extern  _WREG
  0000                00250         extern  _FSR0L
  0000                00251         extern  _FSR0H
  0000                00252         extern  _PLUSW0
  0000                00253         extern  _PREINC0
  0000                00254         extern  _POSTDEC0
  0000                00255         extern  _POSTINC0
  0000                00256         extern  _INDF0
  0000                00257         extern  _INTCON3
  0000                00258         extern  _INTCON2
  0000                00259         extern  _INTCON
  0000                00260         extern  _PROD
  0000                00261         extern  _PRODL
  0000                00262         extern  _PRODH
  0000                00263         extern  _TABLAT
  0000                00264         extern  _TBLPTR
  0000                00265         extern  _TBLPTRL
gpasm-1.2.0 #980 (Jun  5 2013) build/default/   12-5-2013  11:22:26         PAGE  6


LOC  OBJECT CODE     LINE SOURCE TEXT
  VALUE

  0000                00266         extern  _TBLPTRH
  0000                00267         extern  _TBLPTRU
  0000                00268         extern  _PC
  0000                00269         extern  _PCL
  0000                00270         extern  _PCLATH
  0000                00271         extern  _PCLATU
  0000                00272         extern  _STKPTR
  0000                00273         extern  _TOS
  0000                00274         extern  _TOSL
  0000                00275         extern  _TOSH
  0000                00276         extern  _TOSU
                      00277 
                      00278 ;--------------------------------------------------------
                      00279 ;       Equates to used internal registers
                      00280 ;--------------------------------------------------------
  00000FD8            00281 STATUS  equ     0xfd8
  00000FE8            00282 WREG    equ     0xfe8
  00000FE1            00283 FSR1L   equ     0xfe1
  00000FD9            00284 FSR2L   equ     0xfd9
  00000FE5            00285 POSTDEC1        equ     0xfe5
  00000FE4            00286 PREINC1 equ     0xfe4
                      00287 
                      00288 ;--------------------------------------------------------
                      00289 ; global & static initialisations
                      00290 ;--------------------------------------------------------
                      00291 ; I code from now on!
                      00292 ; ; Starting pCode block
                      00293 S_alarme__verifica_alarme       code
000000                00294 _verifica_alarme:
                      00295 ;       .line   13; alarme.c    bool verifica_alarme()
000000 CFD9 FFE5      00296         MOVFF   FSR2L, POSTDEC1
000004 CFE1 FFD9      00297         MOVFF   FSR1L, FSR2L
000008 ????           00298         BANKSEL (_temp + 1)
                      00299 ;       .line   15; alarme.c    if (temp > sys_temp_max || temp < sys_temp_min
00000A 51??           00300         MOVF    (_temp + 1), W, B
00000C ????           00301         BANKSEL (_sys_temp_max + 1)
00000E 5D??           00302         SUBWF   (_sys_temp_max + 1), W, B
000010 E1??           00303         BNZ     _00121_DS_
000012 ????           00304         BANKSEL _temp
000014 51??           00305         MOVF    _temp, W, B
000016 ????           00306         BANKSEL _sys_temp_max
000018 5D??           00307         SUBWF   _sys_temp_max, W, B
00001A                00308 _00121_DS_:
00001A E3??           00309         BNC     _00105_DS_
00001C ????           00310         BANKSEL (_sys_temp_min + 1)
                      00311 ;       .line   16; alarme.c    || lumi > sys_lumi_max || lumi < sys_lumi_min)
00001E 51??           00312         MOVF    (_sys_temp_min + 1), W, B
000020 ????           00313         BANKSEL (_temp + 1)
000022 5D??           00314         SUBWF   (_temp + 1), W, B
000024 E1??           00315         BNZ     _00122_DS_
000026 ????           00316         BANKSEL _sys_temp_min
000028 51??           00317         MOVF    _sys_temp_min, W, B
00002A ????           00318         BANKSEL _temp
gpasm-1.2.0 #980 (Jun  5 2013) build/default/   12-5-2013  11:22:26         PAGE  7


LOC  OBJECT CODE     LINE SOURCE TEXT
  VALUE

00002C 5D??           00319         SUBWF   _temp, W, B
00002E                00320 _00122_DS_:
00002E E3??           00321         BNC     _00105_DS_
000030 ????           00322         BANKSEL (_lumi + 1)
000032 51??           00323         MOVF    (_lumi + 1), W, B
000034 ????           00324         BANKSEL (_sys_lumi_max + 1)
000036 5D??           00325         SUBWF   (_sys_lumi_max + 1), W, B
000038 E1??           00326         BNZ     _00123_DS_
00003A ????           00327         BANKSEL _lumi
00003C 51??           00328         MOVF    _lumi, W, B
00003E ????           00329         BANKSEL _sys_lumi_max
000040 5D??           00330         SUBWF   _sys_lumi_max, W, B
000042                00331 _00123_DS_:
000042 E3??           00332         BNC     _00105_DS_
000044 ????           00333         BANKSEL (_sys_lumi_min + 1)
000046 51??           00334         MOVF    (_sys_lumi_min + 1), W, B
000048 ????           00335         BANKSEL (_lumi + 1)
00004A 5D??           00336         SUBWF   (_lumi + 1), W, B
00004C E1??           00337         BNZ     _00124_DS_
00004E ????           00338         BANKSEL _sys_lumi_min
000050 51??           00339         MOVF    _sys_lumi_min, W, B
000052 ????           00340         BANKSEL _lumi
000054 5D??           00341         SUBWF   _lumi, W, B
000056                00342 _00124_DS_:
000056 E2??           00343         BC      _00106_DS_
000058                00344 _00105_DS_:
                      00345 ;       .line   17; alarme.c    return true;
000058 0E01           00346         MOVLW   0x01
00005A D???           00347         BRA     _00110_DS_
00005C                00348 _00106_DS_:
                      00349 ;       .line   18; alarme.c    return false;
00005C 6AE8           00350         CLRF    WREG
00005E                00351 _00110_DS_:
00005E CFE4 FFD9      00352         MOVFF   PREINC1, FSR2L
000062 0012           00353         RETURN  
                      00354 
                      00355 
                      00356 
                      00357 ; Statistics:
                      00358 ; code size:      100 (0x0064) bytes ( 0.08%)
                      00359 ;                  50 (0x0032) words
                      00360 ; udata size:       0 (0x0000) bytes ( 0.00%)
                      00361 ; access size:      0 (0x0000) bytes
                      00362 
                      00363 
                      00364         end
gpasm-1.2.0 #980 (Jun  5 2013) build/default/   12-5-2013  11:22:26         PAGE  8


SYMBOL TABLE
  LABEL                             VALUE

FSR1L                             00000FE1
FSR2L                             00000FD9
POSTDEC1                          00000FE5
PREINC1                           00000FE4
STATUS                            00000FD8
WREG                              00000FE8
_00105_DS_                        00000058
_00106_DS_                        0000005C
_00110_DS_                        0000005E
_00121_DS_                        0000001A
_00122_DS_                        0000002E
_00123_DS_                        00000042
_00124_DS_                        00000056
_ADCON0                           00000000
_ADCON0bits                       00000000
_ADCON1                           00000000
_ADCON1bits                       00000000
_ADCON2                           00000000
_ADCON2bits                       00000000
_ADRES                            00000000
_ADRESH                           00000000
_ADRESL                           00000000
_BAUDCON                          00000000
_BAUDCONbits                      00000000
_BAUDCTL                          00000000
_BAUDCTLbits                      00000000
_BSR                              00000000
_CCP1AS                           00000000
_CCP1ASbits                       00000000
_CCP1CON                          00000000
_CCP1CONbits                      00000000
_CCP1DEL                          00000000
_CCP1DELbits                      00000000
_CCP2CON                          00000000
_CCP2CONbits                      00000000
_CCPR1                            00000000
_CCPR1H                           00000000
_CCPR1L                           00000000
_CCPR2                            00000000
_CCPR2H                           00000000
_CCPR2L                           00000000
_CMCON                            00000000
_CMCONbits                        00000000
_CVRCON                           00000000
_CVRCONbits                       00000000
_DDRA                             00000000
_DDRAbits                         00000000
_DDRB                             00000000
_DDRBbits                         00000000
_DDRC                             00000000
_DDRCbits                         00000000
_DDRD                             00000000
_DDRDbits                         00000000
gpasm-1.2.0 #980 (Jun  5 2013) build/default/   12-5-2013  11:22:26         PAGE  9


SYMBOL TABLE
  LABEL                             VALUE 

_DDRE                             00000000
_DDREbits                         00000000
_ECCP1AS                          00000000
_ECCP1ASbits                      00000000
_ECCP1CON                         00000000
_ECCP1CONbits                     00000000
_ECCP1DEL                         00000000
_ECCP1DELbits                     00000000
_EEADR                            00000000
_EECON1                           00000000
_EECON1bits                       00000000
_EECON2                           00000000
_EEDATA                           00000000
_FSR0H                            00000000
_FSR0L                            00000000
_FSR1H                            00000000
_FSR1L                            00000000
_FSR2H                            00000000
_FSR2L                            00000000
_HLVDCON                          00000000
_HLVDCONbits                      00000000
_INDF0                            00000000
_INDF1                            00000000
_INDF2                            00000000
_INTCON                           00000000
_INTCON2                          00000000
_INTCON2bits                      00000000
_INTCON3                          00000000
_INTCON3bits                      00000000
_INTCONbits                       00000000
_IPR1                             00000000
_IPR1bits                         00000000
_IPR2                             00000000
_IPR2bits                         00000000
_LATA                             00000000
_LATAbits                         00000000
_LATB                             00000000
_LATBbits                         00000000
_LATC                             00000000
_LATCbits                         00000000
_LATD                             00000000
_LATDbits                         00000000
_LATE                             00000000
_LATEbits                         00000000
_LVDCON                           00000000
_LVDCONbits                       00000000
_OSCCON                           00000000
_OSCCONbits                       00000000
_OSCTUNE                          00000000
_OSCTUNEbits                      00000000
_PC                               00000000
_PCL                              00000000
_PCLATH                           00000000
gpasm-1.2.0 #980 (Jun  5 2013) build/default/   12-5-2013  11:22:26         PAGE 10


SYMBOL TABLE
  LABEL                             VALUE 

_PCLATU                           00000000
_PIE1                             00000000
_PIE1bits                         00000000
_PIE2                             00000000
_PIE2bits                         00000000
_PIR1                             00000000
_PIR1bits                         00000000
_PIR2                             00000000
_PIR2bits                         00000000
_PLUSW0                           00000000
_PLUSW1                           00000000
_PLUSW2                           00000000
_PORTA                            00000000
_PORTAbits                        00000000
_PORTB                            00000000
_PORTBbits                        00000000
_PORTC                            00000000
_PORTCbits                        00000000
_PORTD                            00000000
_PORTDbits                        00000000
_PORTE                            00000000
_PORTEbits                        00000000
_POSTDEC0                         00000000
_POSTDEC1                         00000000
_POSTDEC2                         00000000
_POSTINC0                         00000000
_POSTINC1                         00000000
_POSTINC2                         00000000
_PR2                              00000000
_PREINC0                          00000000
_PREINC1                          00000000
_PREINC2                          00000000
_PROD                             00000000
_PRODH                            00000000
_PRODL                            00000000
_RCON                             00000000
_RCONbits                         00000000
_RCREG                            00000000
_RCSTA                            00000000
_RCSTAbits                        00000000
_SPBRG                            00000000
_SPBRGH                           00000000
_SPPCFG                           00000000
_SPPCFGbits                       00000000
_SPPCON                           00000000
_SPPCONbits                       00000000
_SPPDATA                          00000000
_SPPEPS                           00000000
_SPPEPSbits                       00000000
_SSPADD                           00000000
_SSPBUF                           00000000
_SSPCON1                          00000000
_SSPCON1bits                      00000000
gpasm-1.2.0 #980 (Jun  5 2013) build/default/   12-5-2013  11:22:26         PAGE 11


SYMBOL TABLE
  LABEL                             VALUE 

_SSPCON2                          00000000
_SSPCON2bits                      00000000
_SSPSTAT                          00000000
_SSPSTATbits                      00000000
_STATUS                           00000000
_STATUSbits                       00000000
_STKPTR                           00000000
_STKPTRbits                       00000000
_T0CON                            00000000
_T0CONbits                        00000000
_T1CON                            00000000
_T1CONbits                        00000000
_T2CON                            00000000
_T2CONbits                        00000000
_T3CON                            00000000
_T3CONbits                        00000000
_TABLAT                           00000000
_TBLPTR                           00000000
_TBLPTRH                          00000000
_TBLPTRL                          00000000
_TBLPTRU                          00000000
_TMR0                             00000000
_TMR0H                            00000000
_TMR0L                            00000000
_TMR1                             00000000
_TMR1H                            00000000
_TMR1L                            00000000
_TMR2                             00000000
_TMR3                             00000000
_TMR3H                            00000000
_TMR3L                            00000000
_TOS                              00000000
_TOSH                             00000000
_TOSL                             00000000
_TOSU                             00000000
_TRISA                            00000000
_TRISAbits                        00000000
_TRISB                            00000000
_TRISBbits                        00000000
_TRISC                            00000000
_TRISCbits                        00000000
_TRISD                            00000000
_TRISDbits                        00000000
_TRISE                            00000000
_TRISEbits                        00000000
_TXREG                            00000000
_TXSTA                            00000000
_TXSTAbits                        00000000
_UADDR                            00000000
_UADDRbits                        00000000
_UCFG                             00000000
_UCFGbits                         00000000
_UCON                             00000000
gpasm-1.2.0 #980 (Jun  5 2013) build/default/   12-5-2013  11:22:26         PAGE 12


SYMBOL TABLE
  LABEL                             VALUE 

_UCONbits                         00000000
_UEIE                             00000000
_UEIEbits                         00000000
_UEIR                             00000000
_UEIRbits                         00000000
_UEP0                             00000000
_UEP0bits                         00000000
_UEP1                             00000000
_UEP10                            00000000
_UEP10bits                        00000000
_UEP11                            00000000
_UEP11bits                        00000000
_UEP12                            00000000
_UEP12bits                        00000000
_UEP13                            00000000
_UEP13bits                        00000000
_UEP14                            00000000
_UEP14bits                        00000000
_UEP15                            00000000
_UEP15bits                        00000000
_UEP1bits                         00000000
_UEP2                             00000000
_UEP2bits                         00000000
_UEP3                             00000000
_UEP3bits                         00000000
_UEP4                             00000000
_UEP4bits                         00000000
_UEP5                             00000000
_UEP5bits                         00000000
_UEP6                             00000000
_UEP6bits                         00000000
_UEP7                             00000000
_UEP7bits                         00000000
_UEP8                             00000000
_UEP8bits                         00000000
_UEP9                             00000000
_UEP9bits                         00000000
_UFRM                             00000000
_UFRMH                            00000000
_UFRMHbits                        00000000
_UFRML                            00000000
_UFRMLbits                        00000000
_UIE                              00000000
_UIEbits                          00000000
_UIR                              00000000
_UIRbits                          00000000
_USTAT                            00000000
_USTATbits                        00000000
_WDTCON                           00000000
_WDTCONbits                       00000000
_WREG                             00000000
__18F4550                         00000001
_lumi                             00000000
gpasm-1.2.0 #980 (Jun  5 2013) build/default/   12-5-2013  11:22:26         PAGE 13


SYMBOL TABLE
  LABEL                             VALUE 

_sys_lumi_max                     00000000
_sys_lumi_min                     00000000
_sys_temp_max                     00000000
_sys_temp_min                     00000000
_sys_timer_pool                   00000000
_temp                             00000000
_verifica_alarme                  00000000

Errors   :     0
Warnings :     0 reported,     0 suppressed
Messages :     0 reported,     0 suppressed

